{"/Users/kevassss/nodejs/index.js": {"path":"/Users/kevassss/nodejs/index.js","statementMap":{"0":{"start":{"line":2,"column":2},"end":{"line":4,"column":36}},"1":{"start":{"line":5,"column":0},"end":{"line":5,"column":44}},"2":{"start":{"line":6,"column":16},"end":{"line":6,"column":34}},"3":{"start":{"line":7,"column":12},"end":{"line":7,"column":21}},"4":{"start":{"line":8,"column":13},"end":{"line":8,"column":28}},"5":{"start":{"line":10,"column":13},"end":{"line":10,"column":28}},"6":{"start":{"line":11,"column":15},"end":{"line":11,"column":38}},"7":{"start":{"line":12,"column":21},"end":{"line":12,"column":62}},"8":{"start":{"line":16,"column":24},"end":{"line":16,"column":35}},"9":{"start":{"line":21,"column":0},"end":{"line":21,"column":32}},"10":{"start":{"line":23,"column":0},"end":{"line":23,"column":16}},"11":{"start":{"line":24,"column":0},"end":{"line":24,"column":24}},"12":{"start":{"line":26,"column":0},"end":{"line":26,"column":27}},"13":{"start":{"line":28,"column":0},"end":{"line":28,"column":70}},"14":{"start":{"line":30,"column":0},"end":{"line":32,"column":3}},"15":{"start":{"line":31,"column":2},"end":{"line":31,"column":41}},"16":{"start":{"line":40,"column":0},"end":{"line":42,"column":3}},"17":{"start":{"line":41,"column":2},"end":{"line":41,"column":49}},"18":{"start":{"line":44,"column":0},"end":{"line":44,"column":22}},"19":{"start":{"line":46,"column":15},"end":{"line":48,"column":2}},"20":{"start":{"line":47,"column":2},"end":{"line":47,"column":65}},"21":{"start":{"line":50,"column":0},"end":{"line":50,"column":24}}},"fnMap":{"0":{"name":"(anonymous_0)","decl":{"start":{"line":30,"column":13},"end":{"line":30,"column":14}},"loc":{"start":{"line":30,"column":33},"end":{"line":32,"column":1}},"line":30},"1":{"name":"(anonymous_1)","decl":{"start":{"line":40,"column":8},"end":{"line":40,"column":9}},"loc":{"start":{"line":40,"column":22},"end":{"line":42,"column":1}},"line":40},"2":{"name":"(anonymous_2)","decl":{"start":{"line":46,"column":32},"end":{"line":46,"column":33}},"loc":{"start":{"line":46,"column":38},"end":{"line":48,"column":1}},"line":46}},"branchMap":{"0":{"loc":{"start":{"line":2,"column":2},"end":{"line":4,"column":36}},"type":"cond-expr","locations":[{"start":{"line":3,"column":6},"end":{"line":3,"column":12}},{"start":{"line":4,"column":6},"end":{"line":4,"column":36}}],"line":2},"1":{"loc":{"start":{"line":16,"column":8},"end":{"line":16,"column":19}},"type":"default-arg","locations":[{"start":{"line":16,"column":15},"end":{"line":16,"column":19}}],"line":16}},"s":{"0":1,"1":1,"2":1,"3":1,"4":1,"5":1,"6":1,"7":1,"8":1,"9":1,"10":1,"11":1,"12":1,"13":1,"14":1,"15":0,"16":1,"17":0,"18":1,"19":1,"20":1,"21":1},"f":{"0":0,"1":0,"2":1},"b":{"0":[0,1],"1":[1]},"_coverageSchema":"1a1c01bbd47fc00a2c39e90264f33305004495a9","hash":"93d2935453f20eb00fef1e2618410e6443751dfe"}
,"/Users/kevassss/nodejs/src/controllers/base.js": {"path":"/Users/kevassss/nodejs/src/controllers/base.js","statementMap":{"0":{"start":{"line":4,"column":24},"end":{"line":4,"column":63}},"1":{"start":{"line":5,"column":19},"end":{"line":5,"column":55}},"2":{"start":{"line":6,"column":35},"end":{"line":6,"column":61}},"3":{"start":{"line":7,"column":19},"end":{"line":7,"column":44}},"4":{"start":{"line":12,"column":4},"end":{"line":12,"column":23}},"5":{"start":{"line":13,"column":4},"end":{"line":13,"column":33}},"6":{"start":{"line":16,"column":11},"end":{"line":61,"column":3}},"7":{"start":{"line":17,"column":4},"end":{"line":60,"column":5}},"8":{"start":{"line":24,"column":10},"end":{"line":24,"column":19}},"9":{"start":{"line":26,"column":6},"end":{"line":26,"column":53}},"10":{"start":{"line":26,"column":18},"end":{"line":26,"column":53}},"11":{"start":{"line":27,"column":6},"end":{"line":32,"column":7}},"12":{"start":{"line":28,"column":8},"end":{"line":31,"column":10}},"13":{"start":{"line":34,"column":35},"end":{"line":42,"column":8}},"14":{"start":{"line":44,"column":6},"end":{"line":57,"column":8}},"15":{"start":{"line":59,"column":6},"end":{"line":59,"column":33}},"16":{"start":{"line":63,"column":8},"end":{"line":80,"column":3}},"17":{"start":{"line":64,"column":4},"end":{"line":79,"column":5}},"18":{"start":{"line":65,"column":21},"end":{"line":65,"column":31}},"19":{"start":{"line":66,"column":23},"end":{"line":66,"column":51}},"20":{"start":{"line":67,"column":6},"end":{"line":69,"column":7}},"21":{"start":{"line":68,"column":8},"end":{"line":68,"column":41}},"22":{"start":{"line":70,"column":6},"end":{"line":76,"column":8}},"23":{"start":{"line":78,"column":6},"end":{"line":78,"column":33}},"24":{"start":{"line":82,"column":11},"end":{"line":103,"column":3}},"25":{"start":{"line":83,"column":4},"end":{"line":102,"column":5}},"26":{"start":{"line":84,"column":19},"end":{"line":88,"column":7}},"27":{"start":{"line":89,"column":6},"end":{"line":89,"column":28}},"28":{"start":{"line":91,"column":23},"end":{"line":91,"column":49}},"29":{"start":{"line":93,"column":6},"end":{"line":99,"column":8}},"30":{"start":{"line":101,"column":6},"end":{"line":101,"column":33}},"31":{"start":{"line":105,"column":11},"end":{"line":132,"column":3}},"32":{"start":{"line":106,"column":19},"end":{"line":106,"column":29}},"33":{"start":{"line":107,"column":4},"end":{"line":131,"column":5}},"34":{"start":{"line":108,"column":19},"end":{"line":112,"column":7}},"35":{"start":{"line":113,"column":23},"end":{"line":113,"column":56}},"36":{"start":{"line":115,"column":6},"end":{"line":121,"column":8}},"37":{"start":{"line":124,"column":6},"end":{"line":128,"column":7}},"38":{"start":{"line":125,"column":8},"end":{"line":127,"column":9}},"39":{"start":{"line":126,"column":10},"end":{"line":126,"column":78}},"40":{"start":{"line":130,"column":6},"end":{"line":130,"column":33}},"41":{"start":{"line":134,"column":11},"end":{"line":155,"column":3}},"42":{"start":{"line":135,"column":19},"end":{"line":135,"column":29}},"43":{"start":{"line":136,"column":4},"end":{"line":154,"column":5}},"44":{"start":{"line":137,"column":23},"end":{"line":137,"column":50}},"45":{"start":{"line":139,"column":6},"end":{"line":145,"column":8}},"46":{"start":{"line":148,"column":6},"end":{"line":152,"column":7}},"47":{"start":{"line":149,"column":8},"end":{"line":151,"column":9}},"48":{"start":{"line":150,"column":10},"end":{"line":150,"column":79}},"49":{"start":{"line":153,"column":6},"end":{"line":153,"column":33}},"50":{"start":{"line":157,"column":11},"end":{"line":178,"column":3}},"51":{"start":{"line":158,"column":4},"end":{"line":177,"column":6}},"52":{"start":{"line":164,"column":10},"end":{"line":164,"column":19}},"53":{"start":{"line":166,"column":35},"end":{"line":174,"column":8}},"54":{"start":{"line":176,"column":6},"end":{"line":176,"column":42}},"55":{"start":{"line":180,"column":11},"end":{"line":213,"column":3}},"56":{"start":{"line":181,"column":4},"end":{"line":212,"column":5}},"57":{"start":{"line":182,"column":23},"end":{"line":182,"column":26}},"58":{"start":{"line":183,"column":6},"end":{"line":183,"column":24}},"59":{"start":{"line":184,"column":26},"end":{"line":187,"column":7}},"60":{"start":{"line":189,"column":6},"end":{"line":191,"column":7}},"61":{"start":{"line":190,"column":8},"end":{"line":190,"column":61}},"62":{"start":{"line":193,"column":19},"end":{"line":193,"column":33}},"63":{"start":{"line":195,"column":6},"end":{"line":197,"column":7}},"64":{"start":{"line":196,"column":8},"end":{"line":196,"column":72}},"65":{"start":{"line":199,"column":25},"end":{"line":199,"column":55}},"66":{"start":{"line":201,"column":6},"end":{"line":208,"column":8}},"67":{"start":{"line":210,"column":6},"end":{"line":210,"column":21}},"68":{"start":{"line":211,"column":6},"end":{"line":211,"column":52}},"69":{"start":{"line":219,"column":17},"end":{"line":228,"column":3}},"70":{"start":{"line":220,"column":14},"end":{"line":223,"column":5}},"71":{"start":{"line":225,"column":4},"end":{"line":227,"column":6}},"72":{"start":{"line":226,"column":39},"end":{"line":226,"column":49}},"73":{"start":{"line":231,"column":4},"end":{"line":237,"column":6}},"74":{"start":{"line":241,"column":0},"end":{"line":241,"column":32}}},"fnMap":{"0":{"name":"(anonymous_0)","decl":{"start":{"line":10,"column":2},"end":{"line":10,"column":3}},"loc":{"start":{"line":10,"column":21},"end":{"line":14,"column":3}},"line":10},"1":{"name":"(anonymous_1)","decl":{"start":{"line":16,"column":11},"end":{"line":16,"column":12}},"loc":{"start":{"line":16,"column":37},"end":{"line":61,"column":3}},"line":16},"2":{"name":"(anonymous_2)","decl":{"start":{"line":63,"column":8},"end":{"line":63,"column":9}},"loc":{"start":{"line":63,"column":34},"end":{"line":80,"column":3}},"line":63},"3":{"name":"(anonymous_3)","decl":{"start":{"line":82,"column":11},"end":{"line":82,"column":12}},"loc":{"start":{"line":82,"column":37},"end":{"line":103,"column":3}},"line":82},"4":{"name":"(anonymous_4)","decl":{"start":{"line":105,"column":11},"end":{"line":105,"column":12}},"loc":{"start":{"line":105,"column":37},"end":{"line":132,"column":3}},"line":105},"5":{"name":"(anonymous_5)","decl":{"start":{"line":134,"column":11},"end":{"line":134,"column":12}},"loc":{"start":{"line":134,"column":37},"end":{"line":155,"column":3}},"line":134},"6":{"name":"(anonymous_6)","decl":{"start":{"line":157,"column":11},"end":{"line":157,"column":12}},"loc":{"start":{"line":157,"column":22},"end":{"line":178,"column":3}},"line":157},"7":{"name":"(anonymous_7)","decl":{"start":{"line":158,"column":11},"end":{"line":158,"column":12}},"loc":{"start":{"line":158,"column":37},"end":{"line":177,"column":5}},"line":158},"8":{"name":"(anonymous_8)","decl":{"start":{"line":180,"column":11},"end":{"line":180,"column":12}},"loc":{"start":{"line":180,"column":37},"end":{"line":213,"column":3}},"line":180},"9":{"name":"(anonymous_9)","decl":{"start":{"line":219,"column":17},"end":{"line":219,"column":18}},"loc":{"start":{"line":219,"column":29},"end":{"line":228,"column":3}},"line":219},"10":{"name":"(anonymous_10)","decl":{"start":{"line":226,"column":31},"end":{"line":226,"column":32}},"loc":{"start":{"line":226,"column":39},"end":{"line":226,"column":49}},"line":226},"11":{"name":"(anonymous_11)","decl":{"start":{"line":230,"column":2},"end":{"line":230,"column":3}},"loc":{"start":{"line":230,"column":55},"end":{"line":238,"column":3}},"line":230}},"branchMap":{"0":{"loc":{"start":{"line":19,"column":8},"end":{"line":19,"column":28}},"type":"default-arg","locations":[{"start":{"line":19,"column":17},"end":{"line":19,"column":28}}],"line":19},"1":{"loc":{"start":{"line":20,"column":8},"end":{"line":20,"column":21}},"type":"default-arg","locations":[{"start":{"line":20,"column":15},"end":{"line":20,"column":21}}],"line":20},"2":{"loc":{"start":{"line":21,"column":8},"end":{"line":21,"column":16}},"type":"default-arg","locations":[{"start":{"line":21,"column":15},"end":{"line":21,"column":16}}],"line":21},"3":{"loc":{"start":{"line":22,"column":8},"end":{"line":22,"column":18}},"type":"default-arg","locations":[{"start":{"line":22,"column":16},"end":{"line":22,"column":18}}],"line":22},"4":{"loc":{"start":{"line":23,"column":8},"end":{"line":23,"column":26}},"type":"default-arg","locations":[{"start":{"line":23,"column":17},"end":{"line":23,"column":26}}],"line":23},"5":{"loc":{"start":{"line":26,"column":6},"end":{"line":26,"column":53}},"type":"if","locations":[{"start":{"line":26,"column":6},"end":{"line":26,"column":53}},{"start":{},"end":{}}],"line":26},"6":{"loc":{"start":{"line":27,"column":6},"end":{"line":32,"column":7}},"type":"if","locations":[{"start":{"line":27,"column":6},"end":{"line":32,"column":7}},{"start":{},"end":{}}],"line":27},"7":{"loc":{"start":{"line":67,"column":6},"end":{"line":69,"column":7}},"type":"if","locations":[{"start":{"line":67,"column":6},"end":{"line":69,"column":7}},{"start":{},"end":{}}],"line":67},"8":{"loc":{"start":{"line":124,"column":6},"end":{"line":128,"column":7}},"type":"if","locations":[{"start":{"line":124,"column":6},"end":{"line":128,"column":7}},{"start":{},"end":{}}],"line":124},"9":{"loc":{"start":{"line":125,"column":8},"end":{"line":127,"column":9}},"type":"if","locations":[{"start":{"line":125,"column":8},"end":{"line":127,"column":9}},{"start":{},"end":{}}],"line":125},"10":{"loc":{"start":{"line":148,"column":6},"end":{"line":152,"column":7}},"type":"if","locations":[{"start":{"line":148,"column":6},"end":{"line":152,"column":7}},{"start":{},"end":{}}],"line":148},"11":{"loc":{"start":{"line":149,"column":8},"end":{"line":151,"column":9}},"type":"if","locations":[{"start":{"line":149,"column":8},"end":{"line":151,"column":9}},{"start":{},"end":{}}],"line":149},"12":{"loc":{"start":{"line":160,"column":8},"end":{"line":160,"column":28}},"type":"default-arg","locations":[{"start":{"line":160,"column":17},"end":{"line":160,"column":28}}],"line":160},"13":{"loc":{"start":{"line":161,"column":8},"end":{"line":161,"column":21}},"type":"default-arg","locations":[{"start":{"line":161,"column":15},"end":{"line":161,"column":21}}],"line":161},"14":{"loc":{"start":{"line":162,"column":8},"end":{"line":162,"column":16}},"type":"default-arg","locations":[{"start":{"line":162,"column":15},"end":{"line":162,"column":16}}],"line":162},"15":{"loc":{"start":{"line":163,"column":8},"end":{"line":163,"column":18}},"type":"default-arg","locations":[{"start":{"line":163,"column":16},"end":{"line":163,"column":18}}],"line":163},"16":{"loc":{"start":{"line":189,"column":6},"end":{"line":191,"column":7}},"type":"if","locations":[{"start":{"line":189,"column":6},"end":{"line":191,"column":7}},{"start":{},"end":{}}],"line":189},"17":{"loc":{"start":{"line":195,"column":6},"end":{"line":197,"column":7}},"type":"if","locations":[{"start":{"line":195,"column":6},"end":{"line":197,"column":7}},{"start":{},"end":{}}],"line":195},"18":{"loc":{"start":{"line":236,"column":10},"end":{"line":236,"column":34}},"type":"binary-expr","locations":[{"start":{"line":236,"column":10},"end":{"line":236,"column":20}},{"start":{"line":236,"column":24},"end":{"line":236,"column":34}}],"line":236}},"s":{"0":1,"1":1,"2":1,"3":1,"4":5,"5":5,"6":5,"7":0,"8":0,"9":0,"10":0,"11":0,"12":0,"13":0,"14":0,"15":0,"16":5,"17":0,"18":0,"19":0,"20":0,"21":0,"22":0,"23":0,"24":5,"25":0,"26":0,"27":0,"28":0,"29":0,"30":0,"31":5,"32":0,"33":0,"34":0,"35":0,"36":0,"37":0,"38":0,"39":0,"40":0,"41":5,"42":0,"43":0,"44":0,"45":0,"46":0,"47":0,"48":0,"49":0,"50":5,"51":1,"52":0,"53":0,"54":0,"55":5,"56":0,"57":0,"58":0,"59":0,"60":0,"61":0,"62":0,"63":0,"64":0,"65":0,"66":0,"67":0,"68":0,"69":5,"70":0,"71":0,"72":0,"73":1,"74":1},"f":{"0":5,"1":0,"2":0,"3":0,"4":0,"5":0,"6":1,"7":0,"8":0,"9":0,"10":0,"11":1},"b":{"0":[0],"1":[0],"2":[0],"3":[0],"4":[0],"5":[0,0],"6":[0,0],"7":[0,0],"8":[0,0],"9":[0,0],"10":[0,0],"11":[0,0],"12":[0],"13":[0],"14":[0],"15":[0],"16":[0,0],"17":[0,0],"18":[1,0]},"_coverageSchema":"1a1c01bbd47fc00a2c39e90264f33305004495a9","hash":"37347ea588ba517169f8eb00539142d5a7b8032b"}
,"/Users/kevassss/nodejs/src/controllers/index.js": {"path":"/Users/kevassss/nodejs/src/controllers/index.js","statementMap":{"0":{"start":{"line":1,"column":13},"end":{"line":1,"column":30}},"1":{"start":{"line":2,"column":14},"end":{"line":2,"column":32}},"2":{"start":{"line":3,"column":15},"end":{"line":3,"column":34}},"3":{"start":{"line":4,"column":13},"end":{"line":4,"column":30}},"4":{"start":{"line":5,"column":15},"end":{"line":5,"column":34}},"5":{"start":{"line":7,"column":0},"end":{"line":13,"column":2}}},"fnMap":{},"branchMap":{},"s":{"0":1,"1":1,"2":1,"3":1,"4":1,"5":1},"f":{},"b":{},"_coverageSchema":"1a1c01bbd47fc00a2c39e90264f33305004495a9","hash":"9b61c7d3ed51dc270273737053091c42dc6ec437"}
,"/Users/kevassss/nodejs/src/controllers/auth/index.js": {"path":"/Users/kevassss/nodejs/src/controllers/auth/index.js","statementMap":{"0":{"start":{"line":1,"column":12},"end":{"line":1,"column":26}},"1":{"start":{"line":3,"column":16},"end":{"line":3,"column":34}},"2":{"start":{"line":4,"column":15},"end":{"line":4,"column":31}},"3":{"start":{"line":6,"column":23},"end":{"line":6,"column":41}},"4":{"start":{"line":7,"column":18},"end":{"line":7,"column":47}},"5":{"start":{"line":8,"column":43},"end":{"line":8,"column":74}},"6":{"start":{"line":9,"column":24},"end":{"line":9,"column":52}},"7":{"start":{"line":11,"column":14},"end":{"line":11,"column":29}},"8":{"start":{"line":13,"column":21},"end":{"line":23,"column":2}},"9":{"start":{"line":25,"column":21},"end":{"line":28,"column":2}},"10":{"start":{"line":32,"column":4},"end":{"line":32,"column":17}},"11":{"start":{"line":33,"column":4},"end":{"line":33,"column":25}},"12":{"start":{"line":34,"column":4},"end":{"line":34,"column":76}},"13":{"start":{"line":35,"column":4},"end":{"line":35,"column":76}},"14":{"start":{"line":38,"column":11},"end":{"line":75,"column":3}},"15":{"start":{"line":39,"column":4},"end":{"line":74,"column":5}},"16":{"start":{"line":40,"column":34},"end":{"line":40,"column":42}},"17":{"start":{"line":42,"column":19},"end":{"line":46,"column":8}},"18":{"start":{"line":47,"column":6},"end":{"line":47,"column":79}},"19":{"start":{"line":47,"column":17},"end":{"line":47,"column":79}},"20":{"start":{"line":49,"column":22},"end":{"line":49,"column":66}},"21":{"start":{"line":51,"column":6},"end":{"line":52,"column":70}},"22":{"start":{"line":52,"column":8},"end":{"line":52,"column":70}},"23":{"start":{"line":54,"column":20},"end":{"line":54,"column":48}},"24":{"start":{"line":56,"column":6},"end":{"line":71,"column":8}},"25":{"start":{"line":73,"column":6},"end":{"line":73,"column":33}},"26":{"start":{"line":77,"column":12},"end":{"line":82,"column":3}},"27":{"start":{"line":78,"column":26},"end":{"line":78,"column":66}},"28":{"start":{"line":79,"column":4},"end":{"line":79,"column":38}},"29":{"start":{"line":81,"column":4},"end":{"line":81,"column":11}},"30":{"start":{"line":84,"column":11},"end":{"line":115,"column":3}},"31":{"start":{"line":85,"column":4},"end":{"line":114,"column":5}},"32":{"start":{"line":86,"column":34},"end":{"line":86,"column":42}},"33":{"start":{"line":88,"column":19},"end":{"line":92,"column":8}},"34":{"start":{"line":93,"column":6},"end":{"line":93,"column":61}},"35":{"start":{"line":94,"column":6},"end":{"line":96,"column":7}},"36":{"start":{"line":95,"column":8},"end":{"line":95,"column":69}},"37":{"start":{"line":98,"column":22},"end":{"line":102,"column":8}},"38":{"start":{"line":104,"column":6},"end":{"line":111,"column":8}},"39":{"start":{"line":113,"column":6},"end":{"line":113,"column":41}},"40":{"start":{"line":118,"column":23},"end":{"line":118,"column":48}},"41":{"start":{"line":120,"column":0},"end":{"line":120,"column":39}}},"fnMap":{"0":{"name":"(anonymous_0)","decl":{"start":{"line":31,"column":2},"end":{"line":31,"column":3}},"loc":{"start":{"line":31,"column":21},"end":{"line":36,"column":3}},"line":31},"1":{"name":"(anonymous_1)","decl":{"start":{"line":38,"column":11},"end":{"line":38,"column":12}},"loc":{"start":{"line":38,"column":37},"end":{"line":75,"column":3}},"line":38},"2":{"name":"(anonymous_2)","decl":{"start":{"line":77,"column":12},"end":{"line":77,"column":13}},"loc":{"start":{"line":77,"column":38},"end":{"line":82,"column":3}},"line":77},"3":{"name":"(anonymous_3)","decl":{"start":{"line":84,"column":11},"end":{"line":84,"column":12}},"loc":{"start":{"line":84,"column":37},"end":{"line":115,"column":3}},"line":84}},"branchMap":{"0":{"loc":{"start":{"line":47,"column":6},"end":{"line":47,"column":79}},"type":"if","locations":[{"start":{"line":47,"column":6},"end":{"line":47,"column":79}},{"start":{},"end":{}}],"line":47},"1":{"loc":{"start":{"line":51,"column":6},"end":{"line":52,"column":70}},"type":"if","locations":[{"start":{"line":51,"column":6},"end":{"line":52,"column":70}},{"start":{},"end":{}}],"line":51},"2":{"loc":{"start":{"line":94,"column":6},"end":{"line":96,"column":7}},"type":"if","locations":[{"start":{"line":94,"column":6},"end":{"line":96,"column":7}},{"start":{},"end":{}}],"line":94}},"s":{"0":1,"1":1,"2":1,"3":1,"4":1,"5":1,"6":1,"7":1,"8":1,"9":1,"10":1,"11":1,"12":1,"13":1,"14":1,"15":0,"16":0,"17":0,"18":0,"19":0,"20":0,"21":0,"22":0,"23":0,"24":0,"25":0,"26":1,"27":0,"28":0,"29":0,"30":1,"31":1,"32":1,"33":1,"34":1,"35":1,"36":0,"37":1,"38":1,"39":0,"40":1,"41":1},"f":{"0":1,"1":0,"2":0,"3":1},"b":{"0":[0,0],"1":[0,0],"2":[0,1]},"_coverageSchema":"1a1c01bbd47fc00a2c39e90264f33305004495a9","hash":"345b2617faac1209ceba4f23385421b154228d0d"}
,"/Users/kevassss/nodejs/src/controllers/cars/index.js": {"path":"/Users/kevassss/nodejs/src/controllers/cars/index.js","statementMap":{"0":{"start":{"line":229,"column":12},"end":{"line":229,"column":26}},"1":{"start":{"line":231,"column":23},"end":{"line":231,"column":41}},"2":{"start":{"line":232,"column":17},"end":{"line":232,"column":45}},"3":{"start":{"line":233,"column":16},"end":{"line":233,"column":34}},"4":{"start":{"line":234,"column":33},"end":{"line":234,"column":75}},"5":{"start":{"line":235,"column":19},"end":{"line":235,"column":54}},"6":{"start":{"line":236,"column":13},"end":{"line":236,"column":46}},"7":{"start":{"line":237,"column":13},"end":{"line":237,"column":29}},"8":{"start":{"line":239,"column":13},"end":{"line":239,"column":27}},"9":{"start":{"line":241,"column":18},"end":{"line":255,"column":2}},"10":{"start":{"line":259,"column":4},"end":{"line":259,"column":17}},"11":{"start":{"line":260,"column":4},"end":{"line":260,"column":71}},"12":{"start":{"line":261,"column":4},"end":{"line":261,"column":52}},"13":{"start":{"line":262,"column":4},"end":{"line":268,"column":6}},"14":{"start":{"line":269,"column":4},"end":{"line":269,"column":54}},"15":{"start":{"line":270,"column":4},"end":{"line":270,"column":63}},"16":{"start":{"line":271,"column":4},"end":{"line":271,"column":33}},"17":{"start":{"line":272,"column":4},"end":{"line":278,"column":6}},"18":{"start":{"line":279,"column":4},"end":{"line":279,"column":39}},"19":{"start":{"line":304,"column":17},"end":{"line":332,"column":3}},"20":{"start":{"line":305,"column":17},"end":{"line":305,"column":19}},"21":{"start":{"line":306,"column":4},"end":{"line":306,"column":27}},"22":{"start":{"line":307,"column":4},"end":{"line":309,"column":5}},"23":{"start":{"line":308,"column":6},"end":{"line":308,"column":58}},"24":{"start":{"line":310,"column":4},"end":{"line":312,"column":5}},"25":{"start":{"line":311,"column":6},"end":{"line":311,"column":44}},"26":{"start":{"line":313,"column":4},"end":{"line":315,"column":5}},"27":{"start":{"line":314,"column":6},"end":{"line":314,"column":44}},"28":{"start":{"line":316,"column":4},"end":{"line":318,"column":5}},"29":{"start":{"line":317,"column":6},"end":{"line":317,"column":56}},"30":{"start":{"line":319,"column":4},"end":{"line":321,"column":5}},"31":{"start":{"line":320,"column":6},"end":{"line":320,"column":56}},"32":{"start":{"line":322,"column":4},"end":{"line":324,"column":5}},"33":{"start":{"line":323,"column":6},"end":{"line":323,"column":58}},"34":{"start":{"line":325,"column":4},"end":{"line":327,"column":5}},"35":{"start":{"line":326,"column":6},"end":{"line":326,"column":58}},"36":{"start":{"line":329,"column":4},"end":{"line":329,"column":44}},"37":{"start":{"line":329,"column":23},"end":{"line":329,"column":44}},"38":{"start":{"line":331,"column":4},"end":{"line":331,"column":11}},"39":{"start":{"line":335,"column":0},"end":{"line":335,"column":25}},"40":{"start":{"line":337,"column":0},"end":{"line":337,"column":24}}},"fnMap":{"0":{"name":"(anonymous_0)","decl":{"start":{"line":258,"column":2},"end":{"line":258,"column":3}},"loc":{"start":{"line":258,"column":21},"end":{"line":280,"column":3}},"line":258},"1":{"name":"(anonymous_1)","decl":{"start":{"line":304,"column":17},"end":{"line":304,"column":18}},"loc":{"start":{"line":304,"column":37},"end":{"line":332,"column":3}},"line":304}},"branchMap":{"0":{"loc":{"start":{"line":307,"column":4},"end":{"line":309,"column":5}},"type":"if","locations":[{"start":{"line":307,"column":4},"end":{"line":309,"column":5}},{"start":{},"end":{}}],"line":307},"1":{"loc":{"start":{"line":310,"column":4},"end":{"line":312,"column":5}},"type":"if","locations":[{"start":{"line":310,"column":4},"end":{"line":312,"column":5}},{"start":{},"end":{}}],"line":310},"2":{"loc":{"start":{"line":313,"column":4},"end":{"line":315,"column":5}},"type":"if","locations":[{"start":{"line":313,"column":4},"end":{"line":315,"column":5}},{"start":{},"end":{}}],"line":313},"3":{"loc":{"start":{"line":316,"column":4},"end":{"line":318,"column":5}},"type":"if","locations":[{"start":{"line":316,"column":4},"end":{"line":318,"column":5}},{"start":{},"end":{}}],"line":316},"4":{"loc":{"start":{"line":319,"column":4},"end":{"line":321,"column":5}},"type":"if","locations":[{"start":{"line":319,"column":4},"end":{"line":321,"column":5}},{"start":{},"end":{}}],"line":319},"5":{"loc":{"start":{"line":322,"column":4},"end":{"line":324,"column":5}},"type":"if","locations":[{"start":{"line":322,"column":4},"end":{"line":324,"column":5}},{"start":{},"end":{}}],"line":322},"6":{"loc":{"start":{"line":325,"column":4},"end":{"line":327,"column":5}},"type":"if","locations":[{"start":{"line":325,"column":4},"end":{"line":327,"column":5}},{"start":{},"end":{}}],"line":325},"7":{"loc":{"start":{"line":329,"column":4},"end":{"line":329,"column":44}},"type":"if","locations":[{"start":{"line":329,"column":4},"end":{"line":329,"column":44}},{"start":{},"end":{}}],"line":329}},"s":{"0":1,"1":1,"2":1,"3":1,"4":1,"5":1,"6":1,"7":1,"8":1,"9":1,"10":1,"11":1,"12":1,"13":1,"14":1,"15":1,"16":1,"17":1,"18":1,"19":1,"20":0,"21":0,"22":0,"23":0,"24":0,"25":0,"26":0,"27":0,"28":0,"29":0,"30":0,"31":0,"32":0,"33":0,"34":0,"35":0,"36":0,"37":0,"38":0,"39":1,"40":1},"f":{"0":1,"1":0},"b":{"0":[0,0],"1":[0,0],"2":[0,0],"3":[0,0],"4":[0,0],"5":[0,0],"6":[0,0],"7":[0,0]},"_coverageSchema":"1a1c01bbd47fc00a2c39e90264f33305004495a9","hash":"7a1b0ec5174c24ee5dbf91531471d0aa99f15fa9"}
,"/Users/kevassss/nodejs/src/controllers/orders/index.js": {"path":"/Users/kevassss/nodejs/src/controllers/orders/index.js","statementMap":{"0":{"start":{"line":1,"column":12},"end":{"line":1,"column":26}},"1":{"start":{"line":2,"column":16},"end":{"line":2,"column":34}},"2":{"start":{"line":4,"column":23},"end":{"line":4,"column":41}},"3":{"start":{"line":5,"column":19},"end":{"line":5,"column":49}},"4":{"start":{"line":6,"column":18},"end":{"line":6,"column":46}},"5":{"start":{"line":7,"column":22},"end":{"line":7,"column":64}},"6":{"start":{"line":8,"column":24},"end":{"line":8,"column":66}},"7":{"start":{"line":9,"column":26},"end":{"line":9,"column":64}},"8":{"start":{"line":10,"column":15},"end":{"line":10,"column":31}},"9":{"start":{"line":12,"column":14},"end":{"line":12,"column":30}},"10":{"start":{"line":13,"column":13},"end":{"line":13,"column":28}},"11":{"start":{"line":15,"column":20},"end":{"line":20,"column":2}},"12":{"start":{"line":24,"column":4},"end":{"line":24,"column":17}},"13":{"start":{"line":25,"column":4},"end":{"line":25,"column":33}},"14":{"start":{"line":26,"column":4},"end":{"line":26,"column":75}},"15":{"start":{"line":27,"column":4},"end":{"line":27,"column":64}},"16":{"start":{"line":28,"column":4},"end":{"line":28,"column":56}},"17":{"start":{"line":34,"column":11},"end":{"line":103,"column":3}},"18":{"start":{"line":35,"column":4},"end":{"line":102,"column":5}},"19":{"start":{"line":36,"column":22},"end":{"line":45,"column":8}},"20":{"start":{"line":47,"column":6},"end":{"line":48,"column":79}},"21":{"start":{"line":48,"column":8},"end":{"line":48,"column":79}},"22":{"start":{"line":50,"column":32},"end":{"line":56,"column":8}},"23":{"start":{"line":57,"column":6},"end":{"line":57,"column":49}},"24":{"start":{"line":58,"column":26},"end":{"line":58,"column":36}},"25":{"start":{"line":59,"column":24},"end":{"line":59,"column":53}},"26":{"start":{"line":60,"column":22},"end":{"line":60,"column":52}},"27":{"start":{"line":62,"column":8},"end":{"line":62,"column":69}},"28":{"start":{"line":63,"column":24},"end":{"line":65,"column":58}},"29":{"start":{"line":67,"column":34},"end":{"line":90,"column":8}},"30":{"start":{"line":92,"column":6},"end":{"line":99,"column":8}},"31":{"start":{"line":101,"column":6},"end":{"line":101,"column":25}},"32":{"start":{"line":105,"column":12},"end":{"line":130,"column":3}},"33":{"start":{"line":106,"column":19},"end":{"line":106,"column":29}},"34":{"start":{"line":107,"column":4},"end":{"line":129,"column":5}},"35":{"start":{"line":108,"column":26},"end":{"line":108,"column":34}},"36":{"start":{"line":109,"column":20},"end":{"line":109,"column":48}},"37":{"start":{"line":111,"column":6},"end":{"line":113,"column":7}},"38":{"start":{"line":112,"column":8},"end":{"line":112,"column":62}},"39":{"start":{"line":115,"column":24},"end":{"line":117,"column":8}},"40":{"start":{"line":119,"column":6},"end":{"line":126,"column":8}},"41":{"start":{"line":128,"column":6},"end":{"line":128,"column":25}},"42":{"start":{"line":132,"column":20},"end":{"line":169,"column":3}},"43":{"start":{"line":133,"column":19},"end":{"line":133,"column":29}},"44":{"start":{"line":134,"column":4},"end":{"line":168,"column":5}},"45":{"start":{"line":135,"column":20},"end":{"line":158,"column":8}},"46":{"start":{"line":160,"column":6},"end":{"line":162,"column":7}},"47":{"start":{"line":161,"column":8},"end":{"line":161,"column":60}},"48":{"start":{"line":163,"column":6},"end":{"line":163,"column":34}},"49":{"start":{"line":165,"column":6},"end":{"line":165,"column":32}},"50":{"start":{"line":167,"column":6},"end":{"line":167,"column":25}},"51":{"start":{"line":172,"column":0},"end":{"line":172,"column":27}},"52":{"start":{"line":174,"column":0},"end":{"line":174,"column":24}}},"fnMap":{"0":{"name":"(anonymous_0)","decl":{"start":{"line":23,"column":2},"end":{"line":23,"column":3}},"loc":{"start":{"line":23,"column":21},"end":{"line":32,"column":3}},"line":23},"1":{"name":"(anonymous_1)","decl":{"start":{"line":34,"column":11},"end":{"line":34,"column":12}},"loc":{"start":{"line":34,"column":37},"end":{"line":103,"column":3}},"line":34},"2":{"name":"(anonymous_2)","decl":{"start":{"line":105,"column":12},"end":{"line":105,"column":13}},"loc":{"start":{"line":105,"column":38},"end":{"line":130,"column":3}},"line":105},"3":{"name":"(anonymous_3)","decl":{"start":{"line":132,"column":20},"end":{"line":132,"column":21}},"loc":{"start":{"line":132,"column":46},"end":{"line":169,"column":3}},"line":132}},"branchMap":{"0":{"loc":{"start":{"line":47,"column":6},"end":{"line":48,"column":79}},"type":"if","locations":[{"start":{"line":47,"column":6},"end":{"line":48,"column":79}},{"start":{},"end":{}}],"line":47},"1":{"loc":{"start":{"line":111,"column":6},"end":{"line":113,"column":7}},"type":"if","locations":[{"start":{"line":111,"column":6},"end":{"line":113,"column":7}},{"start":{},"end":{}}],"line":111},"2":{"loc":{"start":{"line":160,"column":6},"end":{"line":162,"column":7}},"type":"if","locations":[{"start":{"line":160,"column":6},"end":{"line":162,"column":7}},{"start":{},"end":{}}],"line":160}},"s":{"0":1,"1":1,"2":1,"3":1,"4":1,"5":1,"6":1,"7":1,"8":1,"9":1,"10":1,"11":1,"12":1,"13":1,"14":1,"15":1,"16":1,"17":1,"18":0,"19":0,"20":0,"21":0,"22":0,"23":0,"24":0,"25":0,"26":0,"27":0,"28":0,"29":0,"30":0,"31":0,"32":1,"33":0,"34":0,"35":0,"36":0,"37":0,"38":0,"39":0,"40":0,"41":0,"42":1,"43":0,"44":0,"45":0,"46":0,"47":0,"48":0,"49":0,"50":0,"51":1,"52":1},"f":{"0":1,"1":0,"2":0,"3":0},"b":{"0":[0,0],"1":[0,0],"2":[0,0]},"_coverageSchema":"1a1c01bbd47fc00a2c39e90264f33305004495a9","hash":"705aa29e6d8f07dfea9bfb07f605e2ffb62b8724"}
,"/Users/kevassss/nodejs/src/controllers/upload/index.js": {"path":"/Users/kevassss/nodejs/src/controllers/upload/index.js","statementMap":{"0":{"start":{"line":1,"column":23},"end":{"line":1,"column":41}},"1":{"start":{"line":2,"column":25},"end":{"line":2,"column":60}},"2":{"start":{"line":3,"column":21},"end":{"line":3,"column":56}},"3":{"start":{"line":5,"column":16},"end":{"line":5,"column":34}},"4":{"start":{"line":6,"column":15},"end":{"line":6,"column":31}},"5":{"start":{"line":10,"column":4},"end":{"line":10,"column":12}},"6":{"start":{"line":11,"column":4},"end":{"line":11,"column":57}},"7":{"start":{"line":12,"column":4},"end":{"line":12,"column":64}},"8":{"start":{"line":15,"column":11},"end":{"line":58,"column":3}},"9":{"start":{"line":16,"column":4},"end":{"line":57,"column":5}},"10":{"start":{"line":17,"column":23},"end":{"line":17,"column":26}},"11":{"start":{"line":18,"column":6},"end":{"line":18,"column":28}},"12":{"start":{"line":20,"column":26},"end":{"line":27,"column":7}},"13":{"start":{"line":29,"column":6},"end":{"line":31,"column":7}},"14":{"start":{"line":30,"column":8},"end":{"line":30,"column":66}},"15":{"start":{"line":33,"column":25},"end":{"line":33,"column":55}},"16":{"start":{"line":34,"column":26},"end":{"line":34,"column":70}},"17":{"start":{"line":36,"column":25},"end":{"line":38,"column":8}},"18":{"start":{"line":40,"column":6},"end":{"line":53,"column":8}},"19":{"start":{"line":55,"column":6},"end":{"line":55,"column":25}},"20":{"start":{"line":56,"column":6},"end":{"line":56,"column":13}},"21":{"start":{"line":60,"column":15},"end":{"line":92,"column":3}},"22":{"start":{"line":61,"column":4},"end":{"line":91,"column":5}},"23":{"start":{"line":62,"column":23},"end":{"line":62,"column":26}},"24":{"start":{"line":63,"column":26},"end":{"line":70,"column":7}},"25":{"start":{"line":71,"column":6},"end":{"line":71,"column":24}},"26":{"start":{"line":72,"column":6},"end":{"line":74,"column":7}},"27":{"start":{"line":73,"column":8},"end":{"line":73,"column":66}},"28":{"start":{"line":76,"column":24},"end":{"line":76,"column":78}},"29":{"start":{"line":78,"column":6},"end":{"line":87,"column":8}},"30":{"start":{"line":89,"column":6},"end":{"line":89,"column":25}},"31":{"start":{"line":90,"column":6},"end":{"line":90,"column":13}},"32":{"start":{"line":95,"column":0},"end":{"line":95,"column":23}},"33":{"start":{"line":97,"column":0},"end":{"line":97,"column":24}}},"fnMap":{"0":{"name":"(anonymous_0)","decl":{"start":{"line":9,"column":2},"end":{"line":9,"column":3}},"loc":{"start":{"line":9,"column":16},"end":{"line":13,"column":3}},"line":9},"1":{"name":"(anonymous_1)","decl":{"start":{"line":15,"column":11},"end":{"line":15,"column":12}},"loc":{"start":{"line":15,"column":37},"end":{"line":58,"column":3}},"line":15},"2":{"name":"(anonymous_2)","decl":{"start":{"line":60,"column":15},"end":{"line":60,"column":16}},"loc":{"start":{"line":60,"column":41},"end":{"line":92,"column":3}},"line":60}},"branchMap":{"0":{"loc":{"start":{"line":29,"column":6},"end":{"line":31,"column":7}},"type":"if","locations":[{"start":{"line":29,"column":6},"end":{"line":31,"column":7}},{"start":{},"end":{}}],"line":29},"1":{"loc":{"start":{"line":72,"column":6},"end":{"line":74,"column":7}},"type":"if","locations":[{"start":{"line":72,"column":6},"end":{"line":74,"column":7}},{"start":{},"end":{}}],"line":72},"2":{"loc":{"start":{"line":76,"column":24},"end":{"line":76,"column":78}},"type":"binary-expr","locations":[{"start":{"line":76,"column":24},"end":{"line":76,"column":55}},{"start":{"line":76,"column":59},"end":{"line":76,"column":78}}],"line":76}},"s":{"0":1,"1":1,"2":1,"3":1,"4":1,"5":1,"6":1,"7":1,"8":1,"9":0,"10":0,"11":0,"12":0,"13":0,"14":0,"15":0,"16":0,"17":0,"18":0,"19":0,"20":0,"21":1,"22":0,"23":0,"24":0,"25":0,"26":0,"27":0,"28":0,"29":0,"30":0,"31":0,"32":1,"33":1},"f":{"0":1,"1":0,"2":0},"b":{"0":[0,0],"1":[0,0],"2":[0,0]},"_coverageSchema":"1a1c01bbd47fc00a2c39e90264f33305004495a9","hash":"540ed10d33042e8e6a0d247c7f6a8c18b131c966"}
,"/Users/kevassss/nodejs/src/controllers/users/index.js": {"path":"/Users/kevassss/nodejs/src/controllers/users/index.js","statementMap":{"0":{"start":{"line":1,"column":12},"end":{"line":1,"column":26}},"1":{"start":{"line":3,"column":16},"end":{"line":3,"column":34}},"2":{"start":{"line":4,"column":15},"end":{"line":4,"column":31}},"3":{"start":{"line":6,"column":23},"end":{"line":6,"column":41}},"4":{"start":{"line":7,"column":18},"end":{"line":7,"column":47}},"5":{"start":{"line":8,"column":24},"end":{"line":8,"column":66}},"6":{"start":{"line":9,"column":28},"end":{"line":9,"column":59}},"7":{"start":{"line":10,"column":33},"end":{"line":10,"column":75}},"8":{"start":{"line":12,"column":14},"end":{"line":12,"column":29}},"9":{"start":{"line":14,"column":22},"end":{"line":25,"column":2}},"10":{"start":{"line":27,"column":25},"end":{"line":35,"column":2}},"11":{"start":{"line":39,"column":4},"end":{"line":39,"column":17}},"12":{"start":{"line":40,"column":4},"end":{"line":40,"column":25}},"13":{"start":{"line":41,"column":4},"end":{"line":41,"column":38}},"14":{"start":{"line":42,"column":4},"end":{"line":50,"column":6}},"15":{"start":{"line":51,"column":4},"end":{"line":51,"column":38}},"16":{"start":{"line":52,"column":4},"end":{"line":59,"column":6}},"17":{"start":{"line":60,"column":4},"end":{"line":60,"column":44}},"18":{"start":{"line":63,"column":16},"end":{"line":81,"column":3}},"19":{"start":{"line":64,"column":24},"end":{"line":75,"column":6}},"20":{"start":{"line":77,"column":4},"end":{"line":78,"column":78}},"21":{"start":{"line":78,"column":6},"end":{"line":78,"column":78}},"22":{"start":{"line":80,"column":4},"end":{"line":80,"column":11}},"23":{"start":{"line":83,"column":12},"end":{"line":88,"column":3}},"24":{"start":{"line":84,"column":26},"end":{"line":84,"column":66}},"25":{"start":{"line":85,"column":4},"end":{"line":85,"column":38}},"26":{"start":{"line":87,"column":4},"end":{"line":87,"column":11}},"27":{"start":{"line":91,"column":24},"end":{"line":91,"column":50}},"28":{"start":{"line":93,"column":0},"end":{"line":93,"column":40}}},"fnMap":{"0":{"name":"(anonymous_0)","decl":{"start":{"line":38,"column":2},"end":{"line":38,"column":3}},"loc":{"start":{"line":38,"column":21},"end":{"line":61,"column":3}},"line":38},"1":{"name":"(anonymous_1)","decl":{"start":{"line":63,"column":16},"end":{"line":63,"column":17}},"loc":{"start":{"line":63,"column":42},"end":{"line":81,"column":3}},"line":63},"2":{"name":"(anonymous_2)","decl":{"start":{"line":83,"column":12},"end":{"line":83,"column":13}},"loc":{"start":{"line":83,"column":38},"end":{"line":88,"column":3}},"line":83}},"branchMap":{"0":{"loc":{"start":{"line":77,"column":4},"end":{"line":78,"column":78}},"type":"if","locations":[{"start":{"line":77,"column":4},"end":{"line":78,"column":78}},{"start":{},"end":{}}],"line":77}},"s":{"0":1,"1":1,"2":1,"3":1,"4":1,"5":1,"6":1,"7":1,"8":1,"9":1,"10":1,"11":1,"12":1,"13":1,"14":1,"15":1,"16":1,"17":1,"18":1,"19":0,"20":0,"21":0,"22":0,"23":1,"24":0,"25":0,"26":0,"27":1,"28":1},"f":{"0":1,"1":0,"2":0},"b":{"0":[0,0]},"_coverageSchema":"1a1c01bbd47fc00a2c39e90264f33305004495a9","hash":"9aeab8b9b1da6b0d1196e398f2ba75c578cc0744"}
,"/Users/kevassss/nodejs/src/helpers/bcrypt.js": {"path":"/Users/kevassss/nodejs/src/helpers/bcrypt.js","statementMap":{"0":{"start":{"line":1,"column":15},"end":{"line":1,"column":34}},"1":{"start":{"line":2,"column":13},"end":{"line":2,"column":15}},"2":{"start":{"line":5,"column":17},"end":{"line":5,"column":70}},"3":{"start":{"line":6,"column":2},"end":{"line":6,"column":16}},"4":{"start":{"line":10,"column":17},"end":{"line":10,"column":66}},"5":{"start":{"line":11,"column":2},"end":{"line":11,"column":16}},"6":{"start":{"line":14,"column":0},"end":{"line":17,"column":2}}},"fnMap":{"0":{"name":"encryptPassword","decl":{"start":{"line":4,"column":15},"end":{"line":4,"column":30}},"loc":{"start":{"line":4,"column":41},"end":{"line":7,"column":1}},"line":4},"1":{"name":"checkPassword","decl":{"start":{"line":9,"column":15},"end":{"line":9,"column":28}},"loc":{"start":{"line":9,"column":58},"end":{"line":12,"column":1}},"line":9}},"branchMap":{},"s":{"0":1,"1":1,"2":2,"3":2,"4":0,"5":0,"6":1},"f":{"0":2,"1":0},"b":{},"_coverageSchema":"1a1c01bbd47fc00a2c39e90264f33305004495a9","hash":"074802a21e632a0f9f962dc2f10af6e3131433cd"}
,"/Users/kevassss/nodejs/src/helpers/cloudinary.js": {"path":"/Users/kevassss/nodejs/src/helpers/cloudinary.js","statementMap":{"0":{"start":{"line":1,"column":29},"end":{"line":1,"column":53}},"1":{"start":{"line":3,"column":25},"end":{"line":7,"column":2}},"2":{"start":{"line":9,"column":0},"end":{"line":9,"column":48}}},"fnMap":{},"branchMap":{},"s":{"0":1,"1":1,"2":1},"f":{},"b":{},"_coverageSchema":"1a1c01bbd47fc00a2c39e90264f33305004495a9","hash":"4ac7d45d95a760fe508ab7b2e0aaa97d7f1710ca"}
,"/Users/kevassss/nodejs/src/helpers/createInvoice.js": {"path":"/Users/kevassss/nodejs/src/helpers/createInvoice.js","statementMap":{"0":{"start":{"line":1,"column":11},"end":{"line":1,"column":24}},"1":{"start":{"line":2,"column":20},"end":{"line":2,"column":37}},"2":{"start":{"line":3,"column":13},"end":{"line":3,"column":28}},"3":{"start":{"line":6,"column":12},"end":{"line":6,"column":55}},"4":{"start":{"line":8,"column":2},"end":{"line":8,"column":22}},"5":{"start":{"line":9,"column":2},"end":{"line":9,"column":44}},"6":{"start":{"line":10,"column":2},"end":{"line":10,"column":37}},"7":{"start":{"line":11,"column":2},"end":{"line":11,"column":22}},"8":{"start":{"line":13,"column":2},"end":{"line":13,"column":12}},"9":{"start":{"line":14,"column":2},"end":{"line":14,"column":16}},"10":{"start":{"line":18,"column":2},"end":{"line":34,"column":16}},"11":{"start":{"line":38,"column":2},"end":{"line":38,"column":65}},"12":{"start":{"line":40,"column":2},"end":{"line":40,"column":23}},"13":{"start":{"line":42,"column":33},"end":{"line":42,"column":36}},"14":{"start":{"line":43,"column":2},"end":{"line":43,"column":23}},"15":{"start":{"line":44,"column":2},"end":{"line":60,"column":16}},"16":{"start":{"line":62,"column":2},"end":{"line":62,"column":23}},"17":{"start":{"line":66,"column":26},"end":{"line":66,"column":29}},"18":{"start":{"line":68,"column":2},"end":{"line":68,"column":29}},"19":{"start":{"line":69,"column":2},"end":{"line":77,"column":4}},"20":{"start":{"line":78,"column":2},"end":{"line":78,"column":40}},"21":{"start":{"line":79,"column":2},"end":{"line":79,"column":24}},"22":{"start":{"line":81,"column":19},"end":{"line":81,"column":43}},"23":{"start":{"line":82,"column":2},"end":{"line":90,"column":4}},"24":{"start":{"line":92,"column":2},"end":{"line":92,"column":33}},"25":{"start":{"line":94,"column":27},"end":{"line":94,"column":51}},"26":{"start":{"line":95,"column":2},"end":{"line":103,"column":4}},"27":{"start":{"line":131,"column":2},"end":{"line":138,"column":6}},"28":{"start":{"line":150,"column":2},"end":{"line":156,"column":47}},"29":{"start":{"line":160,"column":2},"end":{"line":160,"column":80}},"30":{"start":{"line":164,"column":25},"end":{"line":167,"column":4}},"31":{"start":{"line":169,"column":2},"end":{"line":169,"column":38}},"32":{"start":{"line":173,"column":14},"end":{"line":173,"column":28}},"33":{"start":{"line":174,"column":16},"end":{"line":174,"column":35}},"34":{"start":{"line":175,"column":15},"end":{"line":175,"column":33}},"35":{"start":{"line":177,"column":2},"end":{"line":177,"column":40}},"36":{"start":{"line":180,"column":0},"end":{"line":182,"column":2}}},"fnMap":{"0":{"name":"createInvoice","decl":{"start":{"line":5,"column":9},"end":{"line":5,"column":22}},"loc":{"start":{"line":5,"column":37},"end":{"line":15,"column":1}},"line":5},"1":{"name":"generateHeader","decl":{"start":{"line":17,"column":9},"end":{"line":17,"column":23}},"loc":{"start":{"line":17,"column":29},"end":{"line":35,"column":1}},"line":17},"2":{"name":"generateCustomerInformation","decl":{"start":{"line":37,"column":9},"end":{"line":37,"column":36}},"loc":{"start":{"line":37,"column":51},"end":{"line":63,"column":1}},"line":37},"3":{"name":"generateInvoiceTable","decl":{"start":{"line":65,"column":9},"end":{"line":65,"column":29}},"loc":{"start":{"line":65,"column":44},"end":{"line":128,"column":1}},"line":65},"4":{"name":"generateFooter","decl":{"start":{"line":130,"column":9},"end":{"line":130,"column":23}},"loc":{"start":{"line":130,"column":29},"end":{"line":139,"column":1}},"line":130},"5":{"name":"generateTableRow","decl":{"start":{"line":141,"column":9},"end":{"line":141,"column":25}},"loc":{"start":{"line":149,"column":2},"end":{"line":157,"column":1}},"line":149},"6":{"name":"generateHr","decl":{"start":{"line":159,"column":9},"end":{"line":159,"column":19}},"loc":{"start":{"line":159,"column":28},"end":{"line":161,"column":1}},"line":159},"7":{"name":"formatCurrency","decl":{"start":{"line":163,"column":9},"end":{"line":163,"column":23}},"loc":{"start":{"line":163,"column":31},"end":{"line":170,"column":1}},"line":163},"8":{"name":"formatDate","decl":{"start":{"line":172,"column":9},"end":{"line":172,"column":19}},"loc":{"start":{"line":172,"column":26},"end":{"line":178,"column":1}},"line":172}},"branchMap":{},"s":{"0":1,"1":1,"2":1,"3":0,"4":0,"5":0,"6":0,"7":0,"8":0,"9":0,"10":0,"11":0,"12":0,"13":0,"14":0,"15":0,"16":0,"17":0,"18":0,"19":0,"20":0,"21":0,"22":0,"23":0,"24":0,"25":0,"26":0,"27":0,"28":0,"29":0,"30":0,"31":0,"32":0,"33":0,"34":0,"35":0,"36":1},"f":{"0":0,"1":0,"2":0,"3":0,"4":0,"5":0,"6":0,"7":0,"8":0},"b":{},"_coverageSchema":"1a1c01bbd47fc00a2c39e90264f33305004495a9","hash":"215431b622020498fe1b6e540057b0f22d22d39d"}
,"/Users/kevassss/nodejs/src/helpers/jwt.js": {"path":"/Users/kevassss/nodejs/src/helpers/jwt.js","statementMap":{"0":{"start":{"line":1,"column":12},"end":{"line":1,"column":35}},"1":{"start":{"line":2,"column":19},"end":{"line":2,"column":30}},"2":{"start":{"line":5,"column":2},"end":{"line":5,"column":59}},"3":{"start":{"line":9,"column":2},"end":{"line":9,"column":35}},"4":{"start":{"line":12,"column":0},"end":{"line":15,"column":2}}},"fnMap":{"0":{"name":"createToken","decl":{"start":{"line":4,"column":9},"end":{"line":4,"column":20}},"loc":{"start":{"line":4,"column":30},"end":{"line":6,"column":1}},"line":4},"1":{"name":"verifyToken","decl":{"start":{"line":8,"column":9},"end":{"line":8,"column":20}},"loc":{"start":{"line":8,"column":28},"end":{"line":10,"column":1}},"line":8}},"branchMap":{},"s":{"0":1,"1":1,"2":0,"3":0,"4":1},"f":{"0":0,"1":0},"b":{},"_coverageSchema":"1a1c01bbd47fc00a2c39e90264f33305004495a9","hash":"83fa275446a9cb36ff7d3ebd5d7a07c7ef32a0bd"}
,"/Users/kevassss/nodejs/src/helpers/xlsx.js": {"path":"/Users/kevassss/nodejs/src/helpers/xlsx.js","statementMap":{"0":{"start":{"line":1,"column":11},"end":{"line":1,"column":26}},"1":{"start":{"line":4,"column":11},"end":{"line":4,"column":41}},"2":{"start":{"line":5,"column":11},"end":{"line":5,"column":32}},"3":{"start":{"line":7,"column":2},"end":{"line":7,"column":46}},"4":{"start":{"line":9,"column":12},"end":{"line":9,"column":64}},"5":{"start":{"line":11,"column":2},"end":{"line":11,"column":46}},"6":{"start":{"line":12,"column":2},"end":{"line":12,"column":34}},"7":{"start":{"line":16,"column":19},"end":{"line":16,"column":42}},"8":{"start":{"line":17,"column":15},"end":{"line":19,"column":3}},"9":{"start":{"line":20,"column":2},"end":{"line":20,"column":14}},"10":{"start":{"line":23,"column":0},"end":{"line":23,"column":44}}},"fnMap":{"0":{"name":"generateXLSX","decl":{"start":{"line":3,"column":9},"end":{"line":3,"column":21}},"loc":{"start":{"line":3,"column":40},"end":{"line":13,"column":1}},"line":3},"1":{"name":"readXLSX","decl":{"start":{"line":15,"column":9},"end":{"line":15,"column":17}},"loc":{"start":{"line":15,"column":25},"end":{"line":21,"column":1}},"line":15}},"branchMap":{},"s":{"0":1,"1":0,"2":0,"3":0,"4":0,"5":0,"6":0,"7":0,"8":0,"9":0,"10":1},"f":{"0":0,"1":0},"b":{},"_coverageSchema":"1a1c01bbd47fc00a2c39e90264f33305004495a9","hash":"990179eb13a4313178678132729e044658164557"}
,"/Users/kevassss/nodejs/src/helpers/errors/base.js": {"path":"/Users/kevassss/nodejs/src/helpers/errors/base.js","statementMap":{"0":{"start":{"line":3,"column":4},"end":{"line":3,"column":12}},"1":{"start":{"line":4,"column":4},"end":{"line":4,"column":33}},"2":{"start":{"line":5,"column":4},"end":{"line":5,"column":27}},"3":{"start":{"line":9,"column":0},"end":{"line":9,"column":27}}},"fnMap":{"0":{"name":"(anonymous_0)","decl":{"start":{"line":2,"column":2},"end":{"line":2,"column":3}},"loc":{"start":{"line":2,"column":35},"end":{"line":6,"column":3}},"line":2}},"branchMap":{},"s":{"0":0,"1":0,"2":0,"3":1},"f":{"0":0},"b":{},"_coverageSchema":"1a1c01bbd47fc00a2c39e90264f33305004495a9","hash":"9a773e3308cafc859a7cc6e0fb1726cc7f6af3e9"}
,"/Users/kevassss/nodejs/src/helpers/errors/index.js": {"path":"/Users/kevassss/nodejs/src/helpers/errors/index.js","statementMap":{"0":{"start":{"line":2,"column":0},"end":{"line":2,"column":37}},"1":{"start":{"line":3,"column":0},"end":{"line":3,"column":49}},"2":{"start":{"line":4,"column":0},"end":{"line":4,"column":45}},"3":{"start":{"line":5,"column":0},"end":{"line":5,"column":41}}},"fnMap":{},"branchMap":{},"s":{"0":1,"1":1,"2":1,"3":1},"f":{},"b":{},"_coverageSchema":"1a1c01bbd47fc00a2c39e90264f33305004495a9","hash":"dde70acb8cd5259f3e8fc0571e8324d1921770fa"}
,"/Users/kevassss/nodejs/src/helpers/errors/notFound.js": {"path":"/Users/kevassss/nodejs/src/helpers/errors/notFound.js","statementMap":{"0":{"start":{"line":3,"column":4},"end":{"line":3,"column":12}},"1":{"start":{"line":4,"column":4},"end":{"line":4,"column":27}},"2":{"start":{"line":5,"column":4},"end":{"line":5,"column":26}},"3":{"start":{"line":6,"column":4},"end":{"line":6,"column":32}},"4":{"start":{"line":10,"column":0},"end":{"line":10,"column":31}}},"fnMap":{"0":{"name":"(anonymous_0)","decl":{"start":{"line":2,"column":2},"end":{"line":2,"column":3}},"loc":{"start":{"line":2,"column":42},"end":{"line":7,"column":3}},"line":2}},"branchMap":{"0":{"loc":{"start":{"line":2,"column":19},"end":{"line":2,"column":40}},"type":"default-arg","locations":[{"start":{"line":2,"column":29},"end":{"line":2,"column":40}}],"line":2},"1":{"loc":{"start":{"line":6,"column":17},"end":{"line":6,"column":31}},"type":"binary-expr","locations":[{"start":{"line":6,"column":17},"end":{"line":6,"column":20}},{"start":{"line":6,"column":24},"end":{"line":6,"column":31}}],"line":6}},"s":{"0":0,"1":0,"2":0,"3":0,"4":1},"f":{"0":0},"b":{"0":[0],"1":[0,0]},"_coverageSchema":"1a1c01bbd47fc00a2c39e90264f33305004495a9","hash":"af15eb08d358bdb03fce9d56557f6526cf5866c4"}
,"/Users/kevassss/nodejs/src/helpers/errors/server.js": {"path":"/Users/kevassss/nodejs/src/helpers/errors/server.js","statementMap":{"0":{"start":{"line":3,"column":4},"end":{"line":3,"column":12}},"1":{"start":{"line":4,"column":4},"end":{"line":4,"column":26}},"2":{"start":{"line":6,"column":4},"end":{"line":6,"column":43}},"3":{"start":{"line":7,"column":4},"end":{"line":7,"column":25}},"4":{"start":{"line":11,"column":0},"end":{"line":11,"column":29}}},"fnMap":{"0":{"name":"(anonymous_0)","decl":{"start":{"line":2,"column":2},"end":{"line":2,"column":3}},"loc":{"start":{"line":2,"column":49},"end":{"line":8,"column":3}},"line":2}},"branchMap":{"0":{"loc":{"start":{"line":2,"column":14},"end":{"line":2,"column":47}},"type":"default-arg","locations":[{"start":{"line":2,"column":24},"end":{"line":2,"column":47}}],"line":2}},"s":{"0":0,"1":0,"2":0,"3":0,"4":1},"f":{"0":0},"b":{"0":[0]},"_coverageSchema":"1a1c01bbd47fc00a2c39e90264f33305004495a9","hash":"47a88ddde9279468ffd2d580275f3001995a88f3"}
,"/Users/kevassss/nodejs/src/helpers/errors/validation.js": {"path":"/Users/kevassss/nodejs/src/helpers/errors/validation.js","statementMap":{"0":{"start":{"line":3,"column":4},"end":{"line":3,"column":12}},"1":{"start":{"line":4,"column":4},"end":{"line":4,"column":26}},"2":{"start":{"line":5,"column":4},"end":{"line":5,"column":27}},"3":{"start":{"line":9,"column":0},"end":{"line":9,"column":33}}},"fnMap":{"0":{"name":"(anonymous_0)","decl":{"start":{"line":2,"column":2},"end":{"line":2,"column":3}},"loc":{"start":{"line":2,"column":44},"end":{"line":6,"column":3}},"line":2}},"branchMap":{"0":{"loc":{"start":{"line":2,"column":14},"end":{"line":2,"column":42}},"type":"default-arg","locations":[{"start":{"line":2,"column":24},"end":{"line":2,"column":42}}],"line":2}},"s":{"0":0,"1":0,"2":0,"3":1},"f":{"0":0},"b":{"0":[0]},"_coverageSchema":"1a1c01bbd47fc00a2c39e90264f33305004495a9","hash":"cd7d623e3e2307df2c4299914916282669f3d40b"}
,"/Users/kevassss/nodejs/src/middlewares/authorization.js": {"path":"/Users/kevassss/nodejs/src/middlewares/authorization.js","statementMap":{"0":{"start":{"line":1,"column":24},"end":{"line":1,"column":49}},"1":{"start":{"line":2,"column":18},"end":{"line":2,"column":44}},"2":{"start":{"line":3,"column":13},"end":{"line":3,"column":28}},"3":{"start":{"line":6,"column":2},"end":{"line":18,"column":3}},"4":{"start":{"line":7,"column":25},"end":{"line":7,"column":50}},"5":{"start":{"line":8,"column":4},"end":{"line":8,"column":80}},"6":{"start":{"line":8,"column":23},"end":{"line":8,"column":80}},"7":{"start":{"line":9,"column":18},"end":{"line":9,"column":44}},"8":{"start":{"line":11,"column":20},"end":{"line":11,"column":38}},"9":{"start":{"line":12,"column":4},"end":{"line":12,"column":46}},"10":{"start":{"line":13,"column":4},"end":{"line":13,"column":11}},"11":{"start":{"line":15,"column":4},"end":{"line":15,"column":21}},"12":{"start":{"line":17,"column":4},"end":{"line":17,"column":14}},"13":{"start":{"line":22,"column":2},"end":{"line":27,"column":4}},"14":{"start":{"line":23,"column":4},"end":{"line":23,"column":26}},"15":{"start":{"line":24,"column":4},"end":{"line":25,"column":60}},"16":{"start":{"line":25,"column":6},"end":{"line":25,"column":60}},"17":{"start":{"line":26,"column":4},"end":{"line":26,"column":11}},"18":{"start":{"line":30,"column":0},"end":{"line":30,"column":42}}},"fnMap":{"0":{"name":"authorize","decl":{"start":{"line":5,"column":15},"end":{"line":5,"column":24}},"loc":{"start":{"line":5,"column":41},"end":{"line":19,"column":1}},"line":5},"1":{"name":"checkRole","decl":{"start":{"line":21,"column":9},"end":{"line":21,"column":18}},"loc":{"start":{"line":21,"column":26},"end":{"line":28,"column":1}},"line":21},"2":{"name":"(anonymous_2)","decl":{"start":{"line":22,"column":9},"end":{"line":22,"column":10}},"loc":{"start":{"line":22,"column":29},"end":{"line":27,"column":3}},"line":22}},"branchMap":{"0":{"loc":{"start":{"line":8,"column":4},"end":{"line":8,"column":80}},"type":"if","locations":[{"start":{"line":8,"column":4},"end":{"line":8,"column":80}},{"start":{},"end":{}}],"line":8},"1":{"loc":{"start":{"line":24,"column":4},"end":{"line":25,"column":60}},"type":"if","locations":[{"start":{"line":24,"column":4},"end":{"line":25,"column":60}},{"start":{},"end":{}}],"line":24}},"s":{"0":1,"1":1,"2":1,"3":0,"4":0,"5":0,"6":0,"7":0,"8":0,"9":0,"10":0,"11":0,"12":0,"13":2,"14":0,"15":0,"16":0,"17":0,"18":1},"f":{"0":0,"1":2,"2":0},"b":{"0":[0,0],"1":[0,0]},"_coverageSchema":"1a1c01bbd47fc00a2c39e90264f33305004495a9","hash":"4c7a50536d3b1f7f7b9435546bccd92a00723237"}
,"/Users/kevassss/nodejs/src/middlewares/errorHandler.js": {"path":"/Users/kevassss/nodejs/src/middlewares/errorHandler.js","statementMap":{"0":{"start":{"line":2,"column":2},"end":{"line":2,"column":34}},"1":{"start":{"line":5,"column":40},"end":{"line":5,"column":43}},"2":{"start":{"line":10,"column":2},"end":{"line":14,"column":5}},"3":{"start":{"line":17,"column":0},"end":{"line":17,"column":30}}},"fnMap":{"0":{"name":"errorHandler","decl":{"start":{"line":1,"column":9},"end":{"line":1,"column":21}},"loc":{"start":{"line":1,"column":43},"end":{"line":15,"column":1}},"line":1}},"branchMap":{"0":{"loc":{"start":{"line":2,"column":16},"end":{"line":2,"column":32}},"type":"binary-expr","locations":[{"start":{"line":2,"column":16},"end":{"line":2,"column":25}},{"start":{"line":2,"column":29},"end":{"line":2,"column":32}}],"line":2},"1":{"loc":{"start":{"line":5,"column":10},"end":{"line":5,"column":26}},"type":"default-arg","locations":[{"start":{"line":5,"column":23},"end":{"line":5,"column":26}}],"line":5}},"s":{"0":0,"1":0,"2":0,"3":1},"f":{"0":0},"b":{"0":[0,0],"1":[0]},"_coverageSchema":"1a1c01bbd47fc00a2c39e90264f33305004495a9","hash":"037a2c278c2ecd6a52dfaa9524e876e10155d0cf"}
,"/Users/kevassss/nodejs/src/middlewares/rbac.js": {"path":"/Users/kevassss/nodejs/src/middlewares/rbac.js","statementMap":{"0":{"start":{"line":3,"column":20},"end":{"line":3,"column":47}},"1":{"start":{"line":4,"column":15},"end":{"line":4,"column":32}},"2":{"start":{"line":7,"column":2},"end":{"line":38,"column":4}},"3":{"start":{"line":8,"column":20},"end":{"line":8,"column":36}},"4":{"start":{"line":9,"column":4},"end":{"line":9,"column":37}},"5":{"start":{"line":9,"column":23},"end":{"line":9,"column":37}},"6":{"start":{"line":17,"column":25},"end":{"line":34,"column":6}},"7":{"start":{"line":35,"column":4},"end":{"line":35,"column":30}},"8":{"start":{"line":36,"column":4},"end":{"line":36,"column":69}},"9":{"start":{"line":36,"column":23},"end":{"line":36,"column":69}},"10":{"start":{"line":37,"column":4},"end":{"line":37,"column":18}},"11":{"start":{"line":41,"column":0},"end":{"line":41,"column":22}}},"fnMap":{"0":{"name":"rbac","decl":{"start":{"line":6,"column":9},"end":{"line":6,"column":13}},"loc":{"start":{"line":6,"column":38},"end":{"line":39,"column":1}},"line":6},"1":{"name":"(anonymous_1)","decl":{"start":{"line":7,"column":9},"end":{"line":7,"column":10}},"loc":{"start":{"line":7,"column":35},"end":{"line":38,"column":3}},"line":7}},"branchMap":{"0":{"loc":{"start":{"line":9,"column":4},"end":{"line":9,"column":37}},"type":"if","locations":[{"start":{"line":9,"column":4},"end":{"line":9,"column":37}},{"start":{},"end":{}}],"line":9},"1":{"loc":{"start":{"line":36,"column":4},"end":{"line":36,"column":69}},"type":"if","locations":[{"start":{"line":36,"column":4},"end":{"line":36,"column":69}},{"start":{},"end":{}}],"line":36}},"s":{"0":1,"1":1,"2":2,"3":0,"4":0,"5":0,"6":0,"7":0,"8":0,"9":0,"10":0,"11":1},"f":{"0":2,"1":0},"b":{"0":[0,0],"1":[0,0]},"_coverageSchema":"1a1c01bbd47fc00a2c39e90264f33305004495a9","hash":"62c402d4db1b566ab9ec75bb416f983d78adabc3"}
,"/Users/kevassss/nodejs/src/middlewares/upload.js": {"path":"/Users/kevassss/nodejs/src/middlewares/upload.js","statementMap":{"0":{"start":{"line":1,"column":15},"end":{"line":1,"column":32}},"1":{"start":{"line":2,"column":13},"end":{"line":2,"column":28}},"2":{"start":{"line":4,"column":18},"end":{"line":4,"column":54}},"3":{"start":{"line":5,"column":19},"end":{"line":5,"column":50}},"4":{"start":{"line":6,"column":0},"end":{"line":6,"column":23}},"5":{"start":{"line":8,"column":22},"end":{"line":8,"column":44}},"6":{"start":{"line":9,"column":20},"end":{"line":21,"column":2}},"7":{"start":{"line":11,"column":4},"end":{"line":11,"column":25}},"8":{"start":{"line":14,"column":4},"end":{"line":14,"column":22}},"9":{"start":{"line":15,"column":25},"end":{"line":15,"column":75}},"10":{"start":{"line":16,"column":4},"end":{"line":19,"column":6}},"11":{"start":{"line":23,"column":0},"end":{"line":26,"column":2}}},"fnMap":{"0":{"name":"(anonymous_0)","decl":{"start":{"line":10,"column":15},"end":{"line":10,"column":16}},"loc":{"start":{"line":10,"column":40},"end":{"line":12,"column":3}},"line":10},"1":{"name":"(anonymous_1)","decl":{"start":{"line":13,"column":12},"end":{"line":13,"column":13}},"loc":{"start":{"line":13,"column":37},"end":{"line":20,"column":3}},"line":13}},"branchMap":{},"s":{"0":1,"1":1,"2":1,"3":1,"4":1,"5":1,"6":1,"7":0,"8":0,"9":0,"10":0,"11":1},"f":{"0":0,"1":0},"b":{},"_coverageSchema":"1a1c01bbd47fc00a2c39e90264f33305004495a9","hash":"0f824903d66ee8dd7f7d46b2a73224cba0e44daf"}
,"/Users/kevassss/nodejs/src/middlewares/validation.js": {"path":"/Users/kevassss/nodejs/src/middlewares/validation.js","statementMap":{"0":{"start":{"line":2,"column":2},"end":{"line":22,"column":4}},"1":{"start":{"line":3,"column":4},"end":{"line":21,"column":5}},"2":{"start":{"line":4,"column":20},"end":{"line":6,"column":32}},"3":{"start":{"line":7,"column":6},"end":{"line":9,"column":7}},"4":{"start":{"line":8,"column":8},"end":{"line":8,"column":45}},"5":{"start":{"line":11,"column":6},"end":{"line":11,"column":13}},"6":{"start":{"line":13,"column":21},"end":{"line":17,"column":8}},"7":{"start":{"line":14,"column":34},"end":{"line":14,"column":38}},"8":{"start":{"line":15,"column":21},"end":{"line":15,"column":40}},"9":{"start":{"line":16,"column":8},"end":{"line":16,"column":39}},"10":{"start":{"line":18,"column":6},"end":{"line":18,"column":26}},"11":{"start":{"line":20,"column":6},"end":{"line":20,"column":40}},"12":{"start":{"line":25,"column":0},"end":{"line":25,"column":28}}},"fnMap":{"0":{"name":"validation","decl":{"start":{"line":1,"column":9},"end":{"line":1,"column":19}},"loc":{"start":{"line":1,"column":28},"end":{"line":23,"column":1}},"line":1},"1":{"name":"(anonymous_1)","decl":{"start":{"line":2,"column":9},"end":{"line":2,"column":10}},"loc":{"start":{"line":2,"column":41},"end":{"line":22,"column":3}},"line":2},"2":{"name":"(anonymous_2)","decl":{"start":{"line":13,"column":38},"end":{"line":13,"column":39}},"loc":{"start":{"line":13,"column":48},"end":{"line":17,"column":7}},"line":13}},"branchMap":{"0":{"loc":{"start":{"line":7,"column":6},"end":{"line":9,"column":7}},"type":"if","locations":[{"start":{"line":7,"column":6},"end":{"line":9,"column":7}},{"start":{},"end":{}}],"line":7}},"s":{"0":7,"1":1,"2":1,"3":1,"4":0,"5":1,"6":0,"7":0,"8":0,"9":0,"10":0,"11":0,"12":1},"f":{"0":7,"1":1,"2":0},"b":{"0":[0,1]},"_coverageSchema":"1a1c01bbd47fc00a2c39e90264f33305004495a9","hash":"b235b1418e72cf27ca77ef45d90bb0375ef8fa24"}
,"/Users/kevassss/nodejs/src/models/access.js": {"path":"/Users/kevassss/nodejs/src/models/access.js","statementMap":{"0":{"start":{"line":1,"column":18},"end":{"line":1,"column":36}},"1":{"start":{"line":6,"column":4},"end":{"line":6,"column":20}},"2":{"start":{"line":7,"column":4},"end":{"line":13,"column":6}},"3":{"start":{"line":17,"column":0},"end":{"line":17,"column":29}}},"fnMap":{"0":{"name":"(anonymous_0)","decl":{"start":{"line":5,"column":2},"end":{"line":5,"column":3}},"loc":{"start":{"line":5,"column":16},"end":{"line":14,"column":3}},"line":5}},"branchMap":{},"s":{"0":1,"1":1,"2":1,"3":1},"f":{"0":1},"b":{},"_coverageSchema":"1a1c01bbd47fc00a2c39e90264f33305004495a9","hash":"2e5ca4ca8f3aeb07971154cac290940be787c8b0"}
,"/Users/kevassss/nodejs/src/models/cars.js": {"path":"/Users/kevassss/nodejs/src/models/cars.js","statementMap":{"0":{"start":{"line":1,"column":18},"end":{"line":1,"column":36}},"1":{"start":{"line":6,"column":4},"end":{"line":6,"column":18}},"2":{"start":{"line":7,"column":4},"end":{"line":14,"column":6}},"3":{"start":{"line":18,"column":0},"end":{"line":18,"column":26}}},"fnMap":{"0":{"name":"(anonymous_0)","decl":{"start":{"line":5,"column":2},"end":{"line":5,"column":3}},"loc":{"start":{"line":5,"column":16},"end":{"line":15,"column":3}},"line":5}},"branchMap":{},"s":{"0":1,"1":2,"2":2,"3":1},"f":{"0":2},"b":{},"_coverageSchema":"1a1c01bbd47fc00a2c39e90264f33305004495a9","hash":"3a5b9e2fe0bfdba2d0a148dac72fa8bd2712c615"}
,"/Users/kevassss/nodejs/src/models/index.js": {"path":"/Users/kevassss/nodejs/src/models/index.js","statementMap":{"0":{"start":{"line":1,"column":25},"end":{"line":1,"column":50}},"1":{"start":{"line":2,"column":15},"end":{"line":4,"column":2}},"2":{"start":{"line":10,"column":4},"end":{"line":10,"column":31}},"3":{"start":{"line":12,"column":8},"end":{"line":33,"column":3}},"4":{"start":{"line":13,"column":74},"end":{"line":13,"column":75}},"5":{"start":{"line":14,"column":18},"end":{"line":22,"column":5}},"6":{"start":{"line":24,"column":31},"end":{"line":27,"column":6}},"7":{"start":{"line":29,"column":4},"end":{"line":32,"column":6}},"8":{"start":{"line":35,"column":12},"end":{"line":37,"column":3}},"9":{"start":{"line":36,"column":4},"end":{"line":36,"column":72}},"10":{"start":{"line":39,"column":11},"end":{"line":41,"column":3}},"11":{"start":{"line":40,"column":4},"end":{"line":40,"column":39}},"12":{"start":{"line":43,"column":8},"end":{"line":45,"column":3}},"13":{"start":{"line":44,"column":4},"end":{"line":44,"column":39}},"14":{"start":{"line":47,"column":12},"end":{"line":49,"column":3}},"15":{"start":{"line":48,"column":4},"end":{"line":48,"column":43}},"16":{"start":{"line":51,"column":11},"end":{"line":56,"column":3}},"17":{"start":{"line":52,"column":4},"end":{"line":55,"column":7}},"18":{"start":{"line":58,"column":11},"end":{"line":62,"column":3}},"19":{"start":{"line":59,"column":4},"end":{"line":61,"column":7}},"20":{"start":{"line":64,"column":10},"end":{"line":68,"column":3}},"21":{"start":{"line":65,"column":4},"end":{"line":67,"column":7}},"22":{"start":{"line":70,"column":16},"end":{"line":72,"column":3}},"23":{"start":{"line":71,"column":4},"end":{"line":71,"column":38}},"24":{"start":{"line":75,"column":0},"end":{"line":75,"column":27}}},"fnMap":{"0":{"name":"(anonymous_0)","decl":{"start":{"line":9,"column":2},"end":{"line":9,"column":3}},"loc":{"start":{"line":9,"column":21},"end":{"line":11,"column":3}},"line":9},"1":{"name":"(anonymous_1)","decl":{"start":{"line":12,"column":8},"end":{"line":12,"column":9}},"loc":{"start":{"line":12,"column":42},"end":{"line":33,"column":3}},"line":12},"2":{"name":"(anonymous_2)","decl":{"start":{"line":35,"column":12},"end":{"line":35,"column":13}},"loc":{"start":{"line":35,"column":34},"end":{"line":37,"column":3}},"line":35},"3":{"name":"(anonymous_3)","decl":{"start":{"line":39,"column":11},"end":{"line":39,"column":12}},"loc":{"start":{"line":39,"column":28},"end":{"line":41,"column":3}},"line":39},"4":{"name":"(anonymous_4)","decl":{"start":{"line":43,"column":8},"end":{"line":43,"column":9}},"loc":{"start":{"line":43,"column":18},"end":{"line":45,"column":3}},"line":43},"5":{"name":"(anonymous_5)","decl":{"start":{"line":47,"column":12},"end":{"line":47,"column":13}},"loc":{"start":{"line":47,"column":22},"end":{"line":49,"column":3}},"line":47},"6":{"name":"(anonymous_6)","decl":{"start":{"line":51,"column":11},"end":{"line":51,"column":12}},"loc":{"start":{"line":51,"column":25},"end":{"line":56,"column":3}},"line":51},"7":{"name":"(anonymous_7)","decl":{"start":{"line":58,"column":11},"end":{"line":58,"column":12}},"loc":{"start":{"line":58,"column":25},"end":{"line":62,"column":3}},"line":58},"8":{"name":"(anonymous_8)","decl":{"start":{"line":64,"column":10},"end":{"line":64,"column":11}},"loc":{"start":{"line":64,"column":27},"end":{"line":68,"column":3}},"line":64},"9":{"name":"(anonymous_9)","decl":{"start":{"line":70,"column":16},"end":{"line":70,"column":17}},"loc":{"start":{"line":70,"column":33},"end":{"line":72,"column":3}},"line":70}},"branchMap":{"0":{"loc":{"start":{"line":12,"column":17},"end":{"line":12,"column":27}},"type":"default-arg","locations":[{"start":{"line":12,"column":25},"end":{"line":12,"column":27}}],"line":12},"1":{"loc":{"start":{"line":12,"column":29},"end":{"line":12,"column":35}},"type":"default-arg","locations":[{"start":{"line":12,"column":33},"end":{"line":12,"column":35}}],"line":12},"2":{"loc":{"start":{"line":13,"column":12},"end":{"line":13,"column":32}},"type":"default-arg","locations":[{"start":{"line":13,"column":21},"end":{"line":13,"column":32}}],"line":13},"3":{"loc":{"start":{"line":13,"column":34},"end":{"line":13,"column":47}},"type":"default-arg","locations":[{"start":{"line":13,"column":41},"end":{"line":13,"column":47}}],"line":13},"4":{"loc":{"start":{"line":13,"column":49},"end":{"line":13,"column":57}},"type":"default-arg","locations":[{"start":{"line":13,"column":56},"end":{"line":13,"column":57}}],"line":13},"5":{"loc":{"start":{"line":13,"column":59},"end":{"line":13,"column":69}},"type":"default-arg","locations":[{"start":{"line":13,"column":67},"end":{"line":13,"column":69}}],"line":13}},"s":{"0":1,"1":1,"2":7,"3":7,"4":0,"5":0,"6":0,"7":0,"8":7,"9":0,"10":7,"11":1,"12":7,"13":1,"14":7,"15":0,"16":7,"17":0,"18":7,"19":0,"20":7,"21":0,"22":7,"23":0,"24":1},"f":{"0":7,"1":0,"2":0,"3":1,"4":1,"5":0,"6":0,"7":0,"8":0,"9":0},"b":{"0":[0],"1":[0],"2":[0],"3":[0],"4":[0],"5":[0]},"_coverageSchema":"1a1c01bbd47fc00a2c39e90264f33305004495a9","hash":"e9658b44ca8b1323f68643b6f25c41ecee3a4308"}
,"/Users/kevassss/nodejs/src/models/orders.js": {"path":"/Users/kevassss/nodejs/src/models/orders.js","statementMap":{"0":{"start":{"line":1,"column":18},"end":{"line":1,"column":36}},"1":{"start":{"line":5,"column":4},"end":{"line":5,"column":20}},"2":{"start":{"line":6,"column":4},"end":{"line":20,"column":6}},"3":{"start":{"line":24,"column":0},"end":{"line":24,"column":29}}},"fnMap":{"0":{"name":"(anonymous_0)","decl":{"start":{"line":4,"column":2},"end":{"line":4,"column":3}},"loc":{"start":{"line":4,"column":16},"end":{"line":21,"column":3}},"line":4}},"branchMap":{},"s":{"0":1,"1":1,"2":1,"3":1},"f":{"0":1},"b":{},"_coverageSchema":"1a1c01bbd47fc00a2c39e90264f33305004495a9","hash":"9c77f088ad2add98f22242f5101db7bfc4dbdc6b"}
,"/Users/kevassss/nodejs/src/models/users.js": {"path":"/Users/kevassss/nodejs/src/models/users.js","statementMap":{"0":{"start":{"line":1,"column":18},"end":{"line":1,"column":36}},"1":{"start":{"line":5,"column":4},"end":{"line":5,"column":19}},"2":{"start":{"line":6,"column":4},"end":{"line":16,"column":6}},"3":{"start":{"line":20,"column":0},"end":{"line":20,"column":27}}},"fnMap":{"0":{"name":"(anonymous_0)","decl":{"start":{"line":4,"column":2},"end":{"line":4,"column":3}},"loc":{"start":{"line":4,"column":16},"end":{"line":17,"column":3}},"line":4}},"branchMap":{},"s":{"0":1,"1":3,"2":3,"3":1},"f":{"0":3},"b":{},"_coverageSchema":"1a1c01bbd47fc00a2c39e90264f33305004495a9","hash":"2b0da623846d667eb488a5da98607ed4d1223735"}
,"/Users/kevassss/nodejs/src/routes/index.js": {"path":"/Users/kevassss/nodejs/src/routes/index.js","statementMap":{"0":{"start":{"line":1,"column":46},"end":{"line":1,"column":71}},"1":{"start":{"line":2,"column":13},"end":{"line":2,"column":28}},"2":{"start":{"line":3,"column":16},"end":{"line":3,"column":34}},"3":{"start":{"line":4,"column":15},"end":{"line":4,"column":31}},"4":{"start":{"line":5,"column":18},"end":{"line":5,"column":47}},"5":{"start":{"line":6,"column":24},"end":{"line":6,"column":60}},"6":{"start":{"line":8,"column":0},"end":{"line":8,"column":75}},"7":{"start":{"line":9,"column":0},"end":{"line":9,"column":26}},"8":{"start":{"line":10,"column":0},"end":{"line":10,"column":28}},"9":{"start":{"line":11,"column":0},"end":{"line":11,"column":26}},"10":{"start":{"line":12,"column":0},"end":{"line":12,"column":30}},"11":{"start":{"line":13,"column":0},"end":{"line":13,"column":30}},"12":{"start":{"line":15,"column":0},"end":{"line":15,"column":24}}},"fnMap":{},"branchMap":{},"s":{"0":1,"1":1,"2":1,"3":1,"4":1,"5":1,"6":1,"7":1,"8":1,"9":1,"10":1,"11":1,"12":1},"f":{},"b":{},"_coverageSchema":"1a1c01bbd47fc00a2c39e90264f33305004495a9","hash":"8a183d3682a1bddfe99e69f013c9982eacbfef4b"}
}
