TN:
SF:index.js
FN:30,(anonymous_0)
FN:40,(anonymous_1)
FN:46,(anonymous_2)
FNF:3
FNH:1
FNDA:0,(anonymous_0)
FNDA:0,(anonymous_1)
FNDA:1,(anonymous_2)
DA:2,1
DA:5,1
DA:6,1
DA:7,1
DA:8,1
DA:10,1
DA:11,1
DA:12,1
DA:16,1
DA:21,1
DA:23,1
DA:24,1
DA:26,1
DA:28,1
DA:30,1
DA:31,0
DA:40,1
DA:41,0
DA:44,1
DA:46,1
DA:47,1
DA:50,1
LF:22
LH:20
BRDA:2,0,0,0
BRDA:2,0,1,1
BRDA:16,1,0,1
BRF:3
BRH:2
end_of_record
TN:
SF:src/controllers/base.js
FN:10,(anonymous_0)
FN:16,(anonymous_1)
FN:63,(anonymous_2)
FN:82,(anonymous_3)
FN:105,(anonymous_4)
FN:134,(anonymous_5)
FN:157,(anonymous_6)
FN:158,(anonymous_7)
FN:180,(anonymous_8)
FN:219,(anonymous_9)
FN:226,(anonymous_10)
FN:230,(anonymous_11)
FNF:12
FNH:3
FNDA:5,(anonymous_0)
FNDA:0,(anonymous_1)
FNDA:0,(anonymous_2)
FNDA:0,(anonymous_3)
FNDA:0,(anonymous_4)
FNDA:0,(anonymous_5)
FNDA:1,(anonymous_6)
FNDA:0,(anonymous_7)
FNDA:0,(anonymous_8)
FNDA:0,(anonymous_9)
FNDA:0,(anonymous_10)
FNDA:1,(anonymous_11)
DA:4,1
DA:5,1
DA:6,1
DA:7,1
DA:12,5
DA:13,5
DA:16,5
DA:17,0
DA:24,0
DA:26,0
DA:27,0
DA:28,0
DA:34,0
DA:44,0
DA:59,0
DA:63,5
DA:64,0
DA:65,0
DA:66,0
DA:67,0
DA:68,0
DA:70,0
DA:78,0
DA:82,5
DA:83,0
DA:84,0
DA:89,0
DA:91,0
DA:93,0
DA:101,0
DA:105,5
DA:106,0
DA:107,0
DA:108,0
DA:113,0
DA:115,0
DA:124,0
DA:125,0
DA:126,0
DA:130,0
DA:134,5
DA:135,0
DA:136,0
DA:137,0
DA:139,0
DA:148,0
DA:149,0
DA:150,0
DA:153,0
DA:157,5
DA:158,1
DA:164,0
DA:166,0
DA:176,0
DA:180,5
DA:181,0
DA:182,0
DA:183,0
DA:184,0
DA:189,0
DA:190,0
DA:193,0
DA:195,0
DA:196,0
DA:199,0
DA:201,0
DA:210,0
DA:211,0
DA:219,5
DA:220,0
DA:225,0
DA:226,0
DA:231,1
DA:241,1
LF:74
LH:17
BRDA:19,0,0,0
BRDA:20,1,0,0
BRDA:21,2,0,0
BRDA:22,3,0,0
BRDA:23,4,0,0
BRDA:26,5,0,0
BRDA:26,5,1,0
BRDA:27,6,0,0
BRDA:27,6,1,0
BRDA:67,7,0,0
BRDA:67,7,1,0
BRDA:124,8,0,0
BRDA:124,8,1,0
BRDA:125,9,0,0
BRDA:125,9,1,0
BRDA:148,10,0,0
BRDA:148,10,1,0
BRDA:149,11,0,0
BRDA:149,11,1,0
BRDA:160,12,0,0
BRDA:161,13,0,0
BRDA:162,14,0,0
BRDA:163,15,0,0
BRDA:189,16,0,0
BRDA:189,16,1,0
BRDA:195,17,0,0
BRDA:195,17,1,0
BRDA:236,18,0,1
BRDA:236,18,1,0
BRF:29
BRH:1
end_of_record
TN:
SF:src/controllers/index.js
FNF:0
FNH:0
DA:1,1
DA:2,1
DA:3,1
DA:4,1
DA:5,1
DA:7,1
LF:6
LH:6
BRF:0
BRH:0
end_of_record
TN:
SF:src/controllers/auth/index.js
FN:31,(anonymous_0)
FN:38,(anonymous_1)
FN:77,(anonymous_2)
FN:84,(anonymous_3)
FNF:4
FNH:2
FNDA:1,(anonymous_0)
FNDA:0,(anonymous_1)
FNDA:0,(anonymous_2)
FNDA:1,(anonymous_3)
DA:1,1
DA:3,1
DA:4,1
DA:6,1
DA:7,1
DA:8,1
DA:9,1
DA:11,1
DA:13,1
DA:25,1
DA:32,1
DA:33,1
DA:34,1
DA:35,1
DA:38,1
DA:39,0
DA:40,0
DA:42,0
DA:47,0
DA:49,0
DA:51,0
DA:52,0
DA:54,0
DA:56,0
DA:73,0
DA:77,1
DA:78,0
DA:79,0
DA:81,0
DA:84,1
DA:85,1
DA:86,1
DA:88,1
DA:93,1
DA:94,1
DA:95,0
DA:98,1
DA:104,1
DA:113,0
DA:118,1
DA:120,1
LF:41
LH:26
BRDA:47,0,0,0
BRDA:47,0,1,0
BRDA:51,1,0,0
BRDA:51,1,1,0
BRDA:94,2,0,0
BRDA:94,2,1,1
BRF:6
BRH:1
end_of_record
TN:
SF:src/controllers/cars/index.js
FN:258,(anonymous_0)
FN:304,(anonymous_1)
FNF:2
FNH:1
FNDA:1,(anonymous_0)
FNDA:0,(anonymous_1)
DA:229,1
DA:231,1
DA:232,1
DA:233,1
DA:234,1
DA:235,1
DA:236,1
DA:237,1
DA:239,1
DA:241,1
DA:259,1
DA:260,1
DA:261,1
DA:262,1
DA:269,1
DA:270,1
DA:271,1
DA:272,1
DA:279,1
DA:304,1
DA:305,0
DA:306,0
DA:307,0
DA:308,0
DA:310,0
DA:311,0
DA:313,0
DA:314,0
DA:316,0
DA:317,0
DA:319,0
DA:320,0
DA:322,0
DA:323,0
DA:325,0
DA:326,0
DA:329,0
DA:331,0
DA:335,1
DA:337,1
LF:40
LH:22
BRDA:307,0,0,0
BRDA:307,0,1,0
BRDA:310,1,0,0
BRDA:310,1,1,0
BRDA:313,2,0,0
BRDA:313,2,1,0
BRDA:316,3,0,0
BRDA:316,3,1,0
BRDA:319,4,0,0
BRDA:319,4,1,0
BRDA:322,5,0,0
BRDA:322,5,1,0
BRDA:325,6,0,0
BRDA:325,6,1,0
BRDA:329,7,0,0
BRDA:329,7,1,0
BRF:16
BRH:0
end_of_record
TN:
SF:src/controllers/orders/index.js
FN:23,(anonymous_0)
FN:34,(anonymous_1)
FN:105,(anonymous_2)
FN:132,(anonymous_3)
FNF:4
FNH:1
FNDA:1,(anonymous_0)
FNDA:0,(anonymous_1)
FNDA:0,(anonymous_2)
FNDA:0,(anonymous_3)
DA:1,1
DA:2,1
DA:4,1
DA:5,1
DA:6,1
DA:7,1
DA:8,1
DA:9,1
DA:10,1
DA:12,1
DA:13,1
DA:15,1
DA:24,1
DA:25,1
DA:26,1
DA:27,1
DA:28,1
DA:34,1
DA:35,0
DA:36,0
DA:47,0
DA:48,0
DA:50,0
DA:57,0
DA:58,0
DA:59,0
DA:60,0
DA:62,0
DA:63,0
DA:67,0
DA:92,0
DA:101,0
DA:105,1
DA:106,0
DA:107,0
DA:108,0
DA:109,0
DA:111,0
DA:112,0
DA:115,0
DA:119,0
DA:128,0
DA:132,1
DA:133,0
DA:134,0
DA:135,0
DA:160,0
DA:161,0
DA:163,0
DA:165,0
DA:167,0
DA:172,1
DA:174,1
LF:53
LH:22
BRDA:47,0,0,0
BRDA:47,0,1,0
BRDA:111,1,0,0
BRDA:111,1,1,0
BRDA:160,2,0,0
BRDA:160,2,1,0
BRF:6
BRH:0
end_of_record
TN:
SF:src/controllers/upload/index.js
FN:9,(anonymous_0)
FN:15,(anonymous_1)
FN:60,(anonymous_2)
FNF:3
FNH:1
FNDA:1,(anonymous_0)
FNDA:0,(anonymous_1)
FNDA:0,(anonymous_2)
DA:1,1
DA:2,1
DA:3,1
DA:5,1
DA:6,1
DA:10,1
DA:11,1
DA:12,1
DA:15,1
DA:16,0
DA:17,0
DA:18,0
DA:20,0
DA:29,0
DA:30,0
DA:33,0
DA:34,0
DA:36,0
DA:40,0
DA:55,0
DA:56,0
DA:60,1
DA:61,0
DA:62,0
DA:63,0
DA:71,0
DA:72,0
DA:73,0
DA:76,0
DA:78,0
DA:89,0
DA:90,0
DA:95,1
DA:97,1
LF:34
LH:12
BRDA:29,0,0,0
BRDA:29,0,1,0
BRDA:72,1,0,0
BRDA:72,1,1,0
BRDA:76,2,0,0
BRDA:76,2,1,0
BRF:6
BRH:0
end_of_record
TN:
SF:src/controllers/users/index.js
FN:38,(anonymous_0)
FN:63,(anonymous_1)
FN:83,(anonymous_2)
FNF:3
FNH:1
FNDA:1,(anonymous_0)
FNDA:0,(anonymous_1)
FNDA:0,(anonymous_2)
DA:1,1
DA:3,1
DA:4,1
DA:6,1
DA:7,1
DA:8,1
DA:9,1
DA:10,1
DA:12,1
DA:14,1
DA:27,1
DA:39,1
DA:40,1
DA:41,1
DA:42,1
DA:51,1
DA:52,1
DA:60,1
DA:63,1
DA:64,0
DA:77,0
DA:78,0
DA:80,0
DA:83,1
DA:84,0
DA:85,0
DA:87,0
DA:91,1
DA:93,1
LF:29
LH:22
BRDA:77,0,0,0
BRDA:77,0,1,0
BRF:2
BRH:0
end_of_record
TN:
SF:src/helpers/bcrypt.js
FN:4,encryptPassword
FN:9,checkPassword
FNF:2
FNH:1
FNDA:2,encryptPassword
FNDA:0,checkPassword
DA:1,1
DA:2,1
DA:5,2
DA:6,2
DA:10,0
DA:11,0
DA:14,1
LF:7
LH:5
BRF:0
BRH:0
end_of_record
TN:
SF:src/helpers/cloudinary.js
FNF:0
FNH:0
DA:1,1
DA:3,1
DA:9,1
LF:3
LH:3
BRF:0
BRH:0
end_of_record
TN:
SF:src/helpers/createInvoice.js
FN:5,createInvoice
FN:17,generateHeader
FN:37,generateCustomerInformation
FN:65,generateInvoiceTable
FN:130,generateFooter
FN:141,generateTableRow
FN:159,generateHr
FN:163,formatCurrency
FN:172,formatDate
FNF:9
FNH:0
FNDA:0,createInvoice
FNDA:0,generateHeader
FNDA:0,generateCustomerInformation
FNDA:0,generateInvoiceTable
FNDA:0,generateFooter
FNDA:0,generateTableRow
FNDA:0,generateHr
FNDA:0,formatCurrency
FNDA:0,formatDate
DA:1,1
DA:2,1
DA:3,1
DA:6,0
DA:8,0
DA:9,0
DA:10,0
DA:11,0
DA:13,0
DA:14,0
DA:18,0
DA:38,0
DA:40,0
DA:42,0
DA:43,0
DA:44,0
DA:62,0
DA:66,0
DA:68,0
DA:69,0
DA:78,0
DA:79,0
DA:81,0
DA:82,0
DA:92,0
DA:94,0
DA:95,0
DA:131,0
DA:150,0
DA:160,0
DA:164,0
DA:169,0
DA:173,0
DA:174,0
DA:175,0
DA:177,0
DA:180,1
LF:37
LH:4
BRF:0
BRH:0
end_of_record
TN:
SF:src/helpers/jwt.js
FN:4,createToken
FN:8,verifyToken
FNF:2
FNH:0
FNDA:0,createToken
FNDA:0,verifyToken
DA:1,1
DA:2,1
DA:5,0
DA:9,0
DA:12,1
LF:5
LH:3
BRF:0
BRH:0
end_of_record
TN:
SF:src/helpers/xlsx.js
FN:3,generateXLSX
FN:15,readXLSX
FNF:2
FNH:0
FNDA:0,generateXLSX
FNDA:0,readXLSX
DA:1,1
DA:4,0
DA:5,0
DA:7,0
DA:9,0
DA:11,0
DA:12,0
DA:16,0
DA:17,0
DA:20,0
DA:23,1
LF:11
LH:2
BRF:0
BRH:0
end_of_record
TN:
SF:src/helpers/errors/base.js
FN:2,(anonymous_0)
FNF:1
FNH:0
FNDA:0,(anonymous_0)
DA:3,0
DA:4,0
DA:5,0
DA:9,1
LF:4
LH:1
BRF:0
BRH:0
end_of_record
TN:
SF:src/helpers/errors/index.js
FNF:0
FNH:0
DA:2,1
DA:3,1
DA:4,1
DA:5,1
LF:4
LH:4
BRF:0
BRH:0
end_of_record
TN:
SF:src/helpers/errors/notFound.js
FN:2,(anonymous_0)
FNF:1
FNH:0
FNDA:0,(anonymous_0)
DA:3,0
DA:4,0
DA:5,0
DA:6,0
DA:10,1
LF:5
LH:1
BRDA:2,0,0,0
BRDA:6,1,0,0
BRDA:6,1,1,0
BRF:3
BRH:0
end_of_record
TN:
SF:src/helpers/errors/server.js
FN:2,(anonymous_0)
FNF:1
FNH:0
FNDA:0,(anonymous_0)
DA:3,0
DA:4,0
DA:6,0
DA:7,0
DA:11,1
LF:5
LH:1
BRDA:2,0,0,0
BRF:1
BRH:0
end_of_record
TN:
SF:src/helpers/errors/validation.js
FN:2,(anonymous_0)
FNF:1
FNH:0
FNDA:0,(anonymous_0)
DA:3,0
DA:4,0
DA:5,0
DA:9,1
LF:4
LH:1
BRDA:2,0,0,0
BRF:1
BRH:0
end_of_record
TN:
SF:src/middlewares/authorization.js
FN:5,authorize
FN:21,checkRole
FN:22,(anonymous_2)
FNF:3
FNH:1
FNDA:0,authorize
FNDA:2,checkRole
FNDA:0,(anonymous_2)
DA:1,1
DA:2,1
DA:3,1
DA:6,0
DA:7,0
DA:8,0
DA:9,0
DA:11,0
DA:12,0
DA:13,0
DA:15,0
DA:17,0
DA:22,2
DA:23,0
DA:24,0
DA:25,0
DA:26,0
DA:30,1
LF:18
LH:5
BRDA:8,0,0,0
BRDA:8,0,1,0
BRDA:24,1,0,0
BRDA:24,1,1,0
BRF:4
BRH:0
end_of_record
TN:
SF:src/middlewares/errorHandler.js
FN:1,errorHandler
FNF:1
FNH:0
FNDA:0,errorHandler
DA:2,0
DA:5,0
DA:10,0
DA:17,1
LF:4
LH:1
BRDA:2,0,0,0
BRDA:2,0,1,0
BRDA:5,1,0,0
BRF:3
BRH:0
end_of_record
TN:
SF:src/middlewares/rbac.js
FN:6,rbac
FN:7,(anonymous_1)
FNF:2
FNH:1
FNDA:2,rbac
FNDA:0,(anonymous_1)
DA:3,1
DA:4,1
DA:7,2
DA:8,0
DA:9,0
DA:17,0
DA:35,0
DA:36,0
DA:37,0
DA:41,1
LF:10
LH:4
BRDA:9,0,0,0
BRDA:9,0,1,0
BRDA:36,1,0,0
BRDA:36,1,1,0
BRF:4
BRH:0
end_of_record
TN:
SF:src/middlewares/upload.js
FN:10,(anonymous_0)
FN:13,(anonymous_1)
FNF:2
FNH:0
FNDA:0,(anonymous_0)
FNDA:0,(anonymous_1)
DA:1,1
DA:2,1
DA:4,1
DA:5,1
DA:6,1
DA:8,1
DA:9,1
DA:11,0
DA:14,0
DA:15,0
DA:16,0
DA:23,1
LF:12
LH:8
BRF:0
BRH:0
end_of_record
TN:
SF:src/middlewares/validation.js
FN:1,validation
FN:2,(anonymous_1)
FN:13,(anonymous_2)
FNF:3
FNH:2
FNDA:7,validation
FNDA:1,(anonymous_1)
FNDA:0,(anonymous_2)
DA:2,7
DA:3,1
DA:4,1
DA:7,1
DA:8,0
DA:11,1
DA:13,0
DA:14,0
DA:15,0
DA:16,0
DA:18,0
DA:20,0
DA:25,1
LF:13
LH:6
BRDA:7,0,0,0
BRDA:7,0,1,1
BRF:2
BRH:1
end_of_record
TN:
SF:src/models/access.js
FN:5,(anonymous_0)
FNF:1
FNH:1
FNDA:1,(anonymous_0)
DA:1,1
DA:6,1
DA:7,1
DA:17,1
LF:4
LH:4
BRF:0
BRH:0
end_of_record
TN:
SF:src/models/cars.js
FN:5,(anonymous_0)
FNF:1
FNH:1
FNDA:2,(anonymous_0)
DA:1,1
DA:6,2
DA:7,2
DA:18,1
LF:4
LH:4
BRF:0
BRH:0
end_of_record
TN:
SF:src/models/index.js
FN:9,(anonymous_0)
FN:12,(anonymous_1)
FN:35,(anonymous_2)
FN:39,(anonymous_3)
FN:43,(anonymous_4)
FN:47,(anonymous_5)
FN:51,(anonymous_6)
FN:58,(anonymous_7)
FN:64,(anonymous_8)
FN:70,(anonymous_9)
FNF:10
FNH:3
FNDA:7,(anonymous_0)
FNDA:0,(anonymous_1)
FNDA:0,(anonymous_2)
FNDA:1,(anonymous_3)
FNDA:1,(anonymous_4)
FNDA:0,(anonymous_5)
FNDA:0,(anonymous_6)
FNDA:0,(anonymous_7)
FNDA:0,(anonymous_8)
FNDA:0,(anonymous_9)
DA:1,1
DA:2,1
DA:10,7
DA:12,7
DA:13,0
DA:14,0
DA:24,0
DA:29,0
DA:35,7
DA:36,0
DA:39,7
DA:40,1
DA:43,7
DA:44,1
DA:47,7
DA:48,0
DA:51,7
DA:52,0
DA:58,7
DA:59,0
DA:64,7
DA:65,0
DA:70,7
DA:71,0
DA:75,1
LF:25
LH:15
BRDA:12,0,0,0
BRDA:12,1,0,0
BRDA:13,2,0,0
BRDA:13,3,0,0
BRDA:13,4,0,0
BRDA:13,5,0,0
BRF:6
BRH:0
end_of_record
TN:
SF:src/models/orders.js
FN:4,(anonymous_0)
FNF:1
FNH:1
FNDA:1,(anonymous_0)
DA:1,1
DA:5,1
DA:6,1
DA:24,1
LF:4
LH:4
BRF:0
BRH:0
end_of_record
TN:
SF:src/models/users.js
FN:4,(anonymous_0)
FNF:1
FNH:1
FNDA:3,(anonymous_0)
DA:1,1
DA:5,3
DA:6,3
DA:20,1
LF:4
LH:4
BRF:0
BRH:0
end_of_record
TN:
SF:src/routes/index.js
FNF:0
FNH:0
DA:1,1
DA:2,1
DA:3,1
DA:4,1
DA:5,1
DA:6,1
DA:8,1
DA:9,1
DA:10,1
DA:11,1
DA:12,1
DA:13,1
DA:15,1
LF:13
LH:13
BRF:0
BRH:0
end_of_record
